0 verbose cli C:\Program Files\nodejs\node.exe C:\Program Files\nodejs\node_modules\npm\bin\npm-cli.js
1 info using npm@10.8.2
2 info using node@v18.20.5
3 silly config load:file:C:\Program Files\nodejs\node_modules\npm\npmrc
4 silly config load:file:C:\Users\saadr\Desktop\Moiz\chat-room-ui\.npmrc
5 silly config load:file:C:\Users\saadr\.npmrc
6 silly config load:file:C:\Users\saadr\AppData\Roaming\npm\etc\npmrc
7 verbose title npm install
8 verbose argv "install"
9 verbose logfile logs-max:10 dir:C:\Users\saadr\Desktop\Moiz\chat-room-ui\%APPDATA%\npm-cache\_logs\2025-02-17T19_35_54_872Z-
10 verbose logfile C:\Users\saadr\Desktop\Moiz\chat-room-ui\%APPDATA%\npm-cache\_logs\2025-02-17T19_35_54_872Z-debug-0.log
11 silly packumentCache heap:4345298944 maxSize:1086324736 maxEntrySize:543162368
12 silly logfile start cleaning logs, removing 1 files
13 silly logfile done cleaning log files
14 silly idealTree buildDeps
15 verbose shrinkwrap failed to load node_modules/.package-lock.json out of date, updated: node_modules
16 silly reify mark retired [
16 silly reify   'C:\\Users\\saadr\\Desktop\\Moiz\\chat-room-ui\\node_modules\\accepts'
16 silly reify ]
17 silly reify mark retired [
17 silly reify   'C:\\Users\\saadr\\Desktop\\Moiz\\chat-room-ui\\node_modules\\base64id'
17 silly reify ]
18 silly reify mark retired [
18 silly reify   'C:\\Users\\saadr\\Desktop\\Moiz\\chat-room-ui\\node_modules\\cookie'
18 silly reify ]
19 silly reify mark retired [ 'C:\\Users\\saadr\\Desktop\\Moiz\\chat-room-ui\\node_modules\\cors' ]
20 silly reify mark retired [
20 silly reify   'C:\\Users\\saadr\\Desktop\\Moiz\\chat-room-ui\\node_modules\\engine.io-client'
20 silly reify ]
21 silly reify mark retired [
21 silly reify   'C:\\Users\\saadr\\Desktop\\Moiz\\chat-room-ui\\node_modules\\engine.io-parser'
21 silly reify ]
22 silly reify mark retired [
22 silly reify   'C:\\Users\\saadr\\Desktop\\Moiz\\chat-room-ui\\node_modules\\engine.io'
22 silly reify ]
23 silly reify mark retired [
23 silly reify   'C:\\Users\\saadr\\Desktop\\Moiz\\chat-room-ui\\node_modules\\mime-db'
23 silly reify ]
24 silly reify mark retired [
24 silly reify   'C:\\Users\\saadr\\Desktop\\Moiz\\chat-room-ui\\node_modules\\mime-types'
24 silly reify ]
25 silly reify mark retired [
25 silly reify   'C:\\Users\\saadr\\Desktop\\Moiz\\chat-room-ui\\node_modules\\negotiator'
25 silly reify ]
26 silly reify mark retired [
26 silly reify   'C:\\Users\\saadr\\Desktop\\Moiz\\chat-room-ui\\node_modules\\socket.io'
26 silly reify ]
27 silly reify mark retired [
27 silly reify   'C:\\Users\\saadr\\Desktop\\Moiz\\chat-room-ui\\node_modules\\socket.io-client'
27 silly reify ]
28 silly reify mark retired [
28 silly reify   'C:\\Users\\saadr\\Desktop\\Moiz\\chat-room-ui\\node_modules\\socket.io-parser'
28 silly reify ]
29 silly reify mark retired [
29 silly reify   'C:\\Users\\saadr\\Desktop\\Moiz\\chat-room-ui\\node_modules\\socket.io-adapter'
29 silly reify ]
30 silly reify mark retired [ 'C:\\Users\\saadr\\Desktop\\Moiz\\chat-room-ui\\node_modules\\vary' ]
31 silly reify mark retired [ 'C:\\Users\\saadr\\Desktop\\Moiz\\chat-room-ui\\node_modules\\ws' ]
32 silly reify mark retired [
32 silly reify   'C:\\Users\\saadr\\Desktop\\Moiz\\chat-room-ui\\node_modules\\xmlhttprequest-ssl'
32 silly reify ]
33 silly reify mark retired [
33 silly reify   'C:\\Users\\saadr\\Desktop\\Moiz\\chat-room-ui\\node_modules\\@socket.io\\component-emitter'
33 silly reify ]
34 silly reify mark retired [
34 silly reify   'C:\\Users\\saadr\\Desktop\\Moiz\\chat-room-ui\\node_modules\\@types\\cors'
34 silly reify ]
35 silly reify moves {
35 silly reify   'C:\\Users\\saadr\\Desktop\\Moiz\\chat-room-ui\\node_modules\\accepts': 'C:\\Users\\saadr\\Desktop\\Moiz\\chat-room-ui\\node_modules\\.accepts-7sYmg6go',
35 silly reify   'C:\\Users\\saadr\\Desktop\\Moiz\\chat-room-ui\\node_modules\\base64id': 'C:\\Users\\saadr\\Desktop\\Moiz\\chat-room-ui\\node_modules\\.base64id-8DQf6mVC',
35 silly reify   'C:\\Users\\saadr\\Desktop\\Moiz\\chat-room-ui\\node_modules\\cookie': 'C:\\Users\\saadr\\Desktop\\Moiz\\chat-room-ui\\node_modules\\.cookie-7PylhZjs',
35 silly reify   'C:\\Users\\saadr\\Desktop\\Moiz\\chat-room-ui\\node_modules\\cors': 'C:\\Users\\saadr\\Desktop\\Moiz\\chat-room-ui\\node_modules\\.cors-ojUWCE6k',
35 silly reify   'C:\\Users\\saadr\\Desktop\\Moiz\\chat-room-ui\\node_modules\\engine.io-client': 'C:\\Users\\saadr\\Desktop\\Moiz\\chat-room-ui\\node_modules\\.engine.io-client-JcgeddCd',
35 silly reify   'C:\\Users\\saadr\\Desktop\\Moiz\\chat-room-ui\\node_modules\\engine.io-parser': 'C:\\Users\\saadr\\Desktop\\Moiz\\chat-room-ui\\node_modules\\.engine.io-parser-IhC6GV9i',
35 silly reify   'C:\\Users\\saadr\\Desktop\\Moiz\\chat-room-ui\\node_modules\\engine.io': 'C:\\Users\\saadr\\Desktop\\Moiz\\chat-room-ui\\node_modules\\.engine.io-hDuH7Ofn',
35 silly reify   'C:\\Users\\saadr\\Desktop\\Moiz\\chat-room-ui\\node_modules\\mime-db': 'C:\\Users\\saadr\\Desktop\\Moiz\\chat-room-ui\\node_modules\\.mime-db-baNE8KWt',
35 silly reify   'C:\\Users\\saadr\\Desktop\\Moiz\\chat-room-ui\\node_modules\\mime-types': 'C:\\Users\\saadr\\Desktop\\Moiz\\chat-room-ui\\node_modules\\.mime-types-4hDPCtuJ',
35 silly reify   'C:\\Users\\saadr\\Desktop\\Moiz\\chat-room-ui\\node_modules\\negotiator': 'C:\\Users\\saadr\\Desktop\\Moiz\\chat-room-ui\\node_modules\\.negotiator-XTQ123yd',
35 silly reify   'C:\\Users\\saadr\\Desktop\\Moiz\\chat-room-ui\\node_modules\\socket.io': 'C:\\Users\\saadr\\Desktop\\Moiz\\chat-room-ui\\node_modules\\.socket.io-uMSqHdiu',
35 silly reify   'C:\\Users\\saadr\\Desktop\\Moiz\\chat-room-ui\\node_modules\\socket.io-client': 'C:\\Users\\saadr\\Desktop\\Moiz\\chat-room-ui\\node_modules\\.socket.io-client-QHtTN5jH',
35 silly reify   'C:\\Users\\saadr\\Desktop\\Moiz\\chat-room-ui\\node_modules\\socket.io-parser': 'C:\\Users\\saadr\\Desktop\\Moiz\\chat-room-ui\\node_modules\\.socket.io-parser-zEgLcHKc',
35 silly reify   'C:\\Users\\saadr\\Desktop\\Moiz\\chat-room-ui\\node_modules\\socket.io-adapter': 'C:\\Users\\saadr\\Desktop\\Moiz\\chat-room-ui\\node_modules\\.socket.io-adapter-5KsZcVee',
35 silly reify   'C:\\Users\\saadr\\Desktop\\Moiz\\chat-room-ui\\node_modules\\vary': 'C:\\Users\\saadr\\Desktop\\Moiz\\chat-room-ui\\node_modules\\.vary-mu7Fb5nf',
35 silly reify   'C:\\Users\\saadr\\Desktop\\Moiz\\chat-room-ui\\node_modules\\ws': 'C:\\Users\\saadr\\Desktop\\Moiz\\chat-room-ui\\node_modules\\.ws-inFHbFPZ',
35 silly reify   'C:\\Users\\saadr\\Desktop\\Moiz\\chat-room-ui\\node_modules\\xmlhttprequest-ssl': 'C:\\Users\\saadr\\Desktop\\Moiz\\chat-room-ui\\node_modules\\.xmlhttprequest-ssl-2Ot4gPeM',
35 silly reify   'C:\\Users\\saadr\\Desktop\\Moiz\\chat-room-ui\\node_modules\\@socket.io\\component-emitter': 'C:\\Users\\saadr\\Desktop\\Moiz\\chat-room-ui\\node_modules\\@socket.io\\.component-emitter-fYMu6Gga',
35 silly reify   'C:\\Users\\saadr\\Desktop\\Moiz\\chat-room-ui\\node_modules\\@types\\cors': 'C:\\Users\\saadr\\Desktop\\Moiz\\chat-room-ui\\node_modules\\@types\\.cors-7KbUFHiQ'
35 silly reify }
36 silly audit bulk request {
36 silly audit   '@alloc/quick-lru': [ '5.2.0' ],
36 silly audit   '@babel/runtime': [ '7.26.9' ],
36 silly audit   '@emnapi/runtime': [ '1.3.1' ],
36 silly audit   '@eslint-community/eslint-utils': [ '4.4.1' ],
36 silly audit   'eslint-visitor-keys': [ '3.4.3', '4.2.0' ],
36 silly audit   '@eslint-community/regexpp': [ '4.12.1' ],
36 silly audit   '@eslint/config-array': [ '0.19.2' ],
36 silly audit   '@eslint/core': [ '0.11.0', '0.10.0' ],
36 silly audit   '@eslint/eslintrc': [ '3.2.0' ],
36 silly audit   '@eslint/js': [ '9.20.0' ],
36 silly audit   '@eslint/object-schema': [ '2.1.6' ],
36 silly audit   '@eslint/plugin-kit': [ '0.2.5' ],
36 silly audit   '@floating-ui/core': [ '1.6.9' ],
36 silly audit   '@floating-ui/dom': [ '1.6.13' ],
36 silly audit   '@floating-ui/react': [ '0.26.28' ],
36 silly audit   '@floating-ui/react-dom': [ '2.1.2' ],
36 silly audit   '@floating-ui/utils': [ '0.2.9' ],
36 silly audit   '@headlessui/react': [ '2.2.0' ],
36 silly audit   '@heroicons/react': [ '2.2.0' ],
36 silly audit   '@humanfs/core': [ '0.19.1' ],
36 silly audit   '@humanfs/node': [ '0.16.6' ],
36 silly audit   '@humanwhocodes/retry': [ '0.3.1', '0.4.1' ],
36 silly audit   '@humanwhocodes/module-importer': [ '1.0.1' ],
36 silly audit   '@img/sharp-darwin-arm64': [ '0.33.5' ],
36 silly audit   '@img/sharp-darwin-x64': [ '0.33.5' ],
36 silly audit   '@img/sharp-libvips-darwin-arm64': [ '1.0.4' ],
36 silly audit   '@img/sharp-libvips-darwin-x64': [ '1.0.4' ],
36 silly audit   '@img/sharp-libvips-linux-arm': [ '1.0.5' ],
36 silly audit   '@img/sharp-libvips-linux-arm64': [ '1.0.4' ],
36 silly audit   '@img/sharp-libvips-linux-s390x': [ '1.0.4' ],
36 silly audit   '@img/sharp-libvips-linux-x64': [ '1.0.4' ],
36 silly audit   '@img/sharp-libvips-linuxmusl-arm64': [ '1.0.4' ],
36 silly audit   '@img/sharp-libvips-linuxmusl-x64': [ '1.0.4' ],
36 silly audit   '@img/sharp-linux-arm': [ '0.33.5' ],
36 silly audit   '@img/sharp-linux-arm64': [ '0.33.5' ],
36 silly audit   '@img/sharp-linux-s390x': [ '0.33.5' ],
36 silly audit   '@img/sharp-linux-x64': [ '0.33.5' ],
36 silly audit   '@img/sharp-linuxmusl-arm64': [ '0.33.5' ],
36 silly audit   '@img/sharp-linuxmusl-x64': [ '0.33.5' ],
36 silly audit   '@img/sharp-wasm32': [ '0.33.5' ],
36 silly audit   '@img/sharp-win32-ia32': [ '0.33.5' ],
36 silly audit   '@img/sharp-win32-x64': [ '0.33.5' ],
36 silly audit   '@isaacs/cliui': [ '8.0.2' ],
36 silly audit   '@jridgewell/gen-mapping': [ '0.3.8' ],
36 silly audit   '@jridgewell/resolve-uri': [ '3.1.2' ],
36 silly audit   '@jridgewell/set-array': [ '1.2.1' ],
36 silly audit   '@jridgewell/sourcemap-codec': [ '1.5.0' ],
36 silly audit   '@jridgewell/trace-mapping': [ '0.3.25' ],
36 silly audit   '@next/env': [ '15.1.7' ],
36 silly audit   '@next/eslint-plugin-next': [ '15.1.7' ],
36 silly audit   '@next/swc-darwin-arm64': [ '15.1.7' ],
36 silly audit   '@next/swc-darwin-x64': [ '15.1.7' ],
36 silly audit   '@next/swc-linux-arm64-gnu': [ '15.1.7' ],
36 silly audit   '@next/swc-linux-arm64-musl': [ '15.1.7' ],
36 silly audit   '@next/swc-linux-x64-gnu': [ '15.1.7' ],
36 silly audit   '@next/swc-linux-x64-musl': [ '15.1.7' ],
36 silly audit   '@next/swc-win32-arm64-msvc': [ '15.1.7' ],
36 silly audit   '@next/swc-win32-x64-msvc': [ '15.1.7' ],
36 silly audit   '@nodelib/fs.scandir': [ '2.1.5' ],
36 silly audit   '@nodelib/fs.stat': [ '2.0.5' ],
36 silly audit   '@nodelib/fs.walk': [ '1.2.8' ],
36 silly audit   '@nolyfill/is-core-module': [ '1.0.39' ],
36 silly audit   '@pkgjs/parseargs': [ '0.11.0' ],
36 silly audit   '@prisma/client': [ '6.3.1' ],
36 silly audit   '@prisma/debug': [ '6.3.1' ],
36 silly audit   '@prisma/engines': [ '6.3.1' ],
36 silly audit   '@prisma/engines-version': [ '6.3.0-17.acc0b9dd43eb689cbd20c9470515d719db10d0b0' ],
36 silly audit   '@prisma/fetch-engine': [ '6.3.1' ],
36 silly audit   '@prisma/get-platform': [ '6.3.1' ],
36 silly audit   '@react-aria/focus': [ '3.19.1' ],
36 silly audit   '@react-aria/interactions': [ '3.23.0' ],
36 silly audit   '@react-aria/ssr': [ '3.9.7' ],
36 silly audit   '@react-aria/utils': [ '3.27.0' ],
36 silly audit   '@react-stately/utils': [ '3.10.5' ],
36 silly audit   '@react-types/shared': [ '3.27.0' ],
36 silly audit   '@rtsao/scc': [ '1.1.0' ],
36 silly audit   '@rushstack/eslint-patch': [ '1.10.5' ],
36 silly audit   '@swc/counter': [ '0.1.3' ],
36 silly audit   '@swc/helpers': [ '0.5.15' ],
36 silly audit   '@tanstack/react-virtual': [ '3.13.0' ],
36 silly audit   '@tanstack/virtual-core': [ '3.13.0' ],
36 silly audit   '@types/estree': [ '1.0.6' ],
36 silly audit   '@types/json-schema': [ '7.0.15' ],
36 silly audit   '@types/json5': [ '0.0.29' ],
36 silly audit   '@types/node': [ '20.17.19' ],
36 silly audit   '@types/react': [ '19.0.10' ],
36 silly audit   '@types/react-dom': [ '19.0.4' ],
36 silly audit   '@typescript-eslint/eslint-plugin': [ '8.24.0' ],
36 silly audit   '@typescript-eslint/parser': [ '8.24.0' ],
36 silly audit   '@typescript-eslint/scope-manager': [ '8.24.0' ],
36 silly audit   '@typescript-eslint/type-utils': [ '8.24.0' ],
36 silly audit   '@typescript-eslint/types': [ '8.24.0' ],
36 silly audit   '@typescript-eslint/typescript-estree': [ '8.24.0' ],
36 silly audit   'brace-expansion': [ '2.0.1', '1.1.11' ],
36 silly audit   'fast-glob': [ '3.3.3', '3.3.1' ],
36 silly audit   'glob-parent': [ '5.1.2', '6.0.2' ],
36 silly audit   minimatch: [ '9.0.5', '3.1.2' ],
36 silly audit   '@typescript-eslint/utils': [ '8.24.0' ],
36 silly audit   '@typescript-eslint/visitor-keys': [ '8.24.0' ],
36 silly audit   acorn: [ '8.14.0' ],
36 silly audit   'acorn-jsx': [ '5.3.2' ],
36 silly audit   ajv: [ '6.12.6' ],
36 silly audit   'ansi-regex': [ '6.1.0', '5.0.1' ],
36 silly audit   'ansi-styles': [ '4.3.0', '6.2.1' ],
36 silly audit   'any-promise': [ '1.3.0' ],
36 silly audit   anymatch: [ '3.1.3' ],
36 silly audit   arg: [ '5.0.2' ],
36 silly audit   argparse: [ '2.0.1' ],
36 silly audit   'aria-query': [ '5.3.2' ],
36 silly audit   'array-buffer-byte-length': [ '1.0.2' ],
36 silly audit   'array-includes': [ '3.1.8' ],
36 silly audit   'array.prototype.findlast': [ '1.2.5' ],
36 silly audit   'array.prototype.findlastindex': [ '1.2.5' ],
36 silly audit   'array.prototype.flat': [ '1.3.3' ],
36 silly audit   'array.prototype.flatmap': [ '1.3.3' ],
36 silly audit   'array.prototype.tosorted': [ '1.1.4' ],
36 silly audit   'arraybuffer.prototype.slice': [ '1.0.4' ],
36 silly audit   'ast-types-flow': [ '0.0.8' ],
36 silly audit   'async-function': [ '1.0.0' ],
36 silly audit   'available-typed-arrays': [ '1.0.7' ],
36 silly audit   'axe-core': [ '4.10.2' ],
36 silly audit   'axobject-query': [ '4.1.0' ],
36 silly audit   'balanced-match': [ '1.0.2' ],
36 silly audit   'binary-extensions': [ '2.3.0' ],
36 silly audit   braces: [ '3.0.3' ],
36 silly audit   busboy: [ '1.6.0' ],
36 silly audit   'call-bind': [ '1.0.8' ],
36 silly audit   'call-bind-apply-helpers': [ '1.0.2' ],
36 silly audit   'call-bound': [ '1.0.3' ],
36 silly audit   callsites: [ '3.1.0' ],
36 silly audit   'camelcase-css': [ '2.0.1' ],
36 silly audit   'caniuse-lite': [ '1.0.30001700' ],
36 silly audit   chalk: [ '4.1.2' ],
36 silly audit   charenc: [ '0.0.2' ],
36 silly audit   chokidar: [ '3.6.0' ],
36 silly audit   'class-variance-authority': [ '0.7.1' ],
36 silly audit   'client-only': [ '0.0.1' ],
36 silly audit   clsx: [ '2.1.1' ],
36 silly audit   color: [ '4.2.3' ],
36 silly audit   'color-convert': [ '2.0.1' ],
36 silly audit   'color-name': [ '1.1.4' ],
36 silly audit   'color-string': [ '1.9.1' ],
36 silly audit   commander: [ '4.1.1' ],
36 silly audit   'concat-map': [ '0.0.1' ],
36 silly audit   'core-js-pure': [ '3.40.0' ],
36 silly audit   'cross-spawn': [ '7.0.6' ],
36 silly audit   crypt: [ '0.0.2' ],
36 silly audit   cssesc: [ '3.0.0' ],
36 silly audit   csstype: [ '3.1.3' ],
36 silly audit   'damerau-levenshtein': [ '1.0.8' ],
36 silly audit   'data-view-buffer': [ '1.0.2' ],
36 silly audit   'data-view-byte-length': [ '1.0.2' ],
36 silly audit   'data-view-byte-offset': [ '1.0.1' ],
36 silly audit   debug: [ '4.4.0', '3.2.7' ],
36 silly audit   'deep-is': [ '0.1.4' ],
36 silly audit   'define-data-property': [ '1.1.4' ],
36 silly audit   'define-properties': [ '1.2.1' ],
36 silly audit   'detect-libc': [ '2.0.3' ],
36 silly audit   didyoumean: [ '1.2.2' ],
36 silly audit   dlv: [ '1.1.3' ],
36 silly audit   doctrine: [ '2.1.0' ],
36 silly audit   'dunder-proto': [ '1.0.1' ],
36 silly audit   eastasianwidth: [ '0.2.0' ],
36 silly audit   'emoji-regex': [ '9.2.2', '8.0.0' ],
36 silly audit   'enhanced-resolve': [ '5.18.1' ],
36 silly audit   'es-abstract': [ '1.23.9' ],
36 silly audit   'es-define-property': [ '1.0.1' ],
36 silly audit   'es-errors': [ '1.3.0' ],
36 silly audit   'es-iterator-helpers': [ '1.2.1' ],
36 silly audit   'es-object-atoms': [ '1.1.1' ],
36 silly audit   'es-set-tostringtag': [ '2.1.0' ],
36 silly audit   'es-shim-unscopables': [ '1.1.0' ],
36 silly audit   'es-to-primitive': [ '1.3.0' ],
36 silly audit   'escape-string-regexp': [ '4.0.0' ],
36 silly audit   eslint: [ '9.20.1' ],
36 silly audit   'eslint-config-next': [ '15.1.7' ],
36 silly audit   'eslint-import-resolver-node': [ '0.3.9' ],
36 silly audit   'eslint-import-resolver-typescript': [ '3.8.0' ],
36 silly audit   'eslint-module-utils': [ '2.12.0' ],
36 silly audit   'eslint-plugin-import': [ '2.31.0' ],
36 silly audit   semver: [ '6.3.1', '7.7.1' ],
36 silly audit   'eslint-plugin-jsx-a11y': [ '6.10.2' ],
36 silly audit   'eslint-plugin-react': [ '7.37.4' ],
36 silly audit   'eslint-plugin-react-hooks': [ '5.1.0' ],
36 silly audit   resolve: [ '2.0.0-next.5', '1.22.10' ],
36 silly audit   'eslint-scope': [ '8.2.0' ],
36 silly audit   espree: [ '10.3.0' ],
36 silly audit   esquery: [ '1.6.0' ],
36 silly audit   esrecurse: [ '4.3.0' ],
36 silly audit   estraverse: [ '5.3.0' ],
36 silly audit   esutils: [ '2.0.3' ],
36 silly audit   'fast-deep-equal': [ '3.1.3' ],
36 silly audit   'fast-json-stable-stringify': [ '2.1.0' ],
36 silly audit   'fast-levenshtein': [ '2.0.6' ],
36 silly audit   fastq: [ '1.19.0' ],
36 silly audit   'file-entry-cache': [ '8.0.0' ],
36 silly audit   'fill-range': [ '7.1.1' ],
36 silly audit   'find-up': [ '5.0.0' ],
36 silly audit   'flat-cache': [ '4.0.1' ],
36 silly audit   flatted: [ '3.3.2' ],
36 silly audit   'for-each': [ '0.3.5' ],
36 silly audit   'foreground-child': [ '3.3.0' ],
36 silly audit   fsevents: [ '2.3.3' ],
36 silly audit   'function-bind': [ '1.1.2' ],
36 silly audit   'function.prototype.name': [ '1.1.8' ],
36 silly audit   'functions-have-names': [ '1.2.3' ],
36 silly audit   'get-intrinsic': [ '1.2.7' ],
36 silly audit   'get-proto': [ '1.0.1' ],
36 silly audit   'get-symbol-description': [ '1.1.0' ],
36 silly audit   'get-tsconfig': [ '4.10.0' ],
36 silly audit   glob: [ '10.4.5' ],
36 silly audit   globals: [ '14.0.0' ],
36 silly audit   globalthis: [ '1.0.4' ],
36 silly audit   gopd: [ '1.2.0' ],
36 silly audit   'graceful-fs': [ '4.2.11' ],
36 silly audit   graphemer: [ '1.4.0' ],
36 silly audit   'has-bigints': [ '1.1.0' ],
36 silly audit   'has-flag': [ '4.0.0' ],
36 silly audit   'has-property-descriptors': [ '1.0.2' ],
36 silly audit   'has-proto': [ '1.2.0' ],
36 silly audit   'has-symbols': [ '1.1.0' ],
36 silly audit   'has-tostringtag': [ '1.0.2' ],
36 silly audit   hasown: [ '2.0.2' ],
36 silly audit   ignore: [ '5.3.2' ],
36 silly audit   'import-fresh': [ '3.3.1' ],
36 silly audit   imurmurhash: [ '0.1.4' ],
36 silly audit   'internal-slot': [ '1.1.0' ],
36 silly audit   'is-array-buffer': [ '3.0.5' ],
36 silly audit   'is-arrayish': [ '0.3.2' ],
36 silly audit   'is-async-function': [ '2.1.1' ],
36 silly audit   'is-bigint': [ '1.1.0' ],
36 silly audit   'is-binary-path': [ '2.1.0' ],
36 silly audit   'is-boolean-object': [ '1.2.2' ],
36 silly audit   'is-buffer': [ '1.1.6' ],
36 silly audit   'is-bun-module': [ '1.3.0' ],
36 silly audit   'is-callable': [ '1.2.7' ],
36 silly audit   'is-core-module': [ '2.16.1' ],
36 silly audit   'is-data-view': [ '1.0.2' ],
36 silly audit   'is-date-object': [ '1.1.0' ],
36 silly audit   'is-extglob': [ '2.1.1' ],
36 silly audit   'is-finalizationregistry': [ '1.1.1' ],
36 silly audit   'is-fullwidth-code-point': [ '3.0.0' ],
36 silly audit   'is-generator-function': [ '1.1.0' ],
36 silly audit   'is-glob': [ '4.0.3' ],
36 silly audit   'is-map': [ '2.0.3' ],
36 silly audit   'is-number': [ '7.0.0' ],
36 silly audit   'is-number-object': [ '1.1.1' ],
36 silly audit   'is-regex': [ '1.2.1' ],
36 silly audit   'is-retina': [ '1.0.3' ],
36 silly audit   'is-set': [ '2.0.3' ],
36 silly audit   'is-shared-array-buffer': [ '1.0.4' ],
36 silly audit   'is-string': [ '1.1.1' ],
36 silly audit   'is-symbol': [ '1.1.1' ],
36 silly audit   'is-typed-array': [ '1.1.15' ],
36 silly audit   'is-weakmap': [ '2.0.2' ],
36 silly audit   'is-weakref': [ '1.1.1' ],
36 silly audit   'is-weakset': [ '2.0.4' ],
36 silly audit   isarray: [ '2.0.5' ],
36 silly audit   isexe: [ '2.0.0' ],
36 silly audit   'iterator.prototype': [ '1.1.5' ],
36 silly audit   jackspeak: [ '3.4.3' ],
36 silly audit   jiti: [ '1.21.7' ],
36 silly audit   'js-tokens': [ '4.0.0' ],
36 silly audit   'js-yaml': [ '4.1.0' ],
36 silly audit   'json-buffer': [ '3.0.1' ],
36 silly audit   'json-schema-traverse': [ '0.4.1' ],
36 silly audit   'json-stable-stringify-without-jsonify': [ '1.0.1' ],
36 silly audit   json5: [ '1.0.2' ],
36 silly audit   'jsx-ast-utils': [ '3.3.5' ],
36 silly audit   keyv: [ '4.5.4' ],
36 silly audit   'language-subtag-registry': [ '0.3.23' ],
36 silly audit   'language-tags': [ '1.0.9' ],
36 silly audit   levn: [ '0.4.1' ],
36 silly audit   lilconfig: [ '3.1.3' ],
36 silly audit   'lines-and-columns': [ '1.2.4' ],
36 silly audit   'locate-path': [ '6.0.0' ],
36 silly audit   'lodash.merge': [ '4.6.2' ],
36 silly audit   'loose-envify': [ '1.4.0' ],
36 silly audit   'lru-cache': [ '10.4.3' ],
36 silly audit   'lucide-react': [ '0.475.0' ],
36 silly audit   'math-intrinsics': [ '1.1.0' ],
36 silly audit   md5: [ '2.3.0' ],
36 silly audit   merge2: [ '1.4.1' ],
36 silly audit   micromatch: [ '4.0.8' ],
36 silly audit   minimist: [ '1.2.8' ],
36 silly audit   minipass: [ '7.1.2' ],
36 silly audit   ms: [ '2.1.3' ],
36 silly audit   mz: [ '2.7.0' ],
36 silly audit   nanoid: [ '3.3.8' ],
36 silly audit   'natural-compare': [ '1.4.0' ],
36 silly audit   next: [ '15.1.7' ],
36 silly audit   postcss: [ '8.4.31', '8.5.2' ],
36 silly audit   'normalize-path': [ '3.0.0' ],
36 silly audit   'object-assign': [ '4.1.1' ],
36 silly audit   'object-hash': [ '3.0.0' ],
36 silly audit   'object-inspect': [ '1.13.4' ],
36 silly audit   'object-keys': [ '1.1.1' ],
36 silly audit   'object.assign': [ '4.1.7' ],
36 silly audit   'object.entries': [ '1.1.8' ],
36 silly audit   'object.fromentries': [ '2.0.8' ],
36 silly audit   'object.groupby': [ '1.0.3' ],
36 silly audit   'object.values': [ '1.2.1' ],
36 silly audit   optionator: [ '0.9.4' ],
36 silly audit   'own-keys': [ '1.0.1' ],
36 silly audit   'p-limit': [ '3.1.0' ],
36 silly audit   'p-locate': [ '5.0.0' ],
36 silly audit   'package-json-from-dist': [ '1.0.1' ],
36 silly audit   'parent-module': [ '1.0.1' ],
36 silly audit   'path-exists': [ '4.0.0' ],
36 silly audit   'path-key': [ '3.1.1' ],
36 silly audit   'path-parse': [ '1.0.7' ],
36 silly audit   'path-scurry': [ '1.11.1' ],
36 silly audit   picocolors: [ '1.1.1' ],
36 silly audit   picomatch: [ '2.3.1', '4.0.2' ],
36 silly audit   pify: [ '2.3.0' ],
36 silly audit   pirates: [ '4.0.6' ],
36 silly audit   'possible-typed-array-names': [ '1.1.0' ],
36 silly audit   'postcss-import': [ '15.1.0' ],
36 silly audit   'postcss-js': [ '4.0.1' ],
36 silly audit   'postcss-load-config': [ '4.0.2' ],
36 silly audit   'postcss-nested': [ '6.2.0' ],
36 silly audit   'postcss-selector-parser': [ '6.1.2' ],
36 silly audit   'postcss-value-parser': [ '4.2.0' ],
36 silly audit   'prelude-ls': [ '1.2.1' ],
36 silly audit   prisma: [ '6.3.1' ],
36 silly audit   'prop-types': [ '15.8.1' ],
36 silly audit   punycode: [ '2.3.1' ],
36 silly audit   'queue-microtask': [ '1.2.3' ],
36 silly audit   react: [ '18.3.1' ],
36 silly audit   'react-avatar': [ '5.0.3' ],
36 silly audit   'react-dom': [ '18.3.1' ],
36 silly audit   'react-is': [ '16.13.1' ],
36 silly audit   'read-cache': [ '1.0.0' ],
36 silly audit   readdirp: [ '3.6.0' ],
36 silly audit   'reflect.getprototypeof': [ '1.0.10' ],
36 silly audit   'regenerator-runtime': [ '0.14.1' ],
36 silly audit   'regexp.prototype.flags': [ '1.5.4' ],
36 silly audit   'resolve-from': [ '4.0.0' ],
36 silly audit   'resolve-pkg-maps': [ '1.0.0' ],
36 silly audit   reusify: [ '1.0.4' ],
36 silly audit   'run-parallel': [ '1.2.0' ],
36 silly audit   'safe-array-concat': [ '1.1.3' ],
36 silly audit   'safe-push-apply': [ '1.0.0' ],
36 silly audit   'safe-regex-test': [ '1.1.0' ],
36 silly audit   scheduler: [ '0.23.2' ],
36 silly audit   'set-function-length': [ '1.2.2' ],
36 silly audit   'set-function-name': [ '2.0.2' ],
36 silly audit   'set-proto': [ '1.0.0' ],
36 silly audit   sharp: [ '0.33.5' ],
36 silly audit   'shebang-command': [ '2.0.0' ],
36 silly audit   'shebang-regex': [ '3.0.0' ],
36 silly audit   'side-channel': [ '1.1.0' ],
36 silly audit   'side-channel-list': [ '1.0.0' ],
36 silly audit   'side-channel-map': [ '1.0.1' ],
36 silly audit   'side-channel-weakmap': [ '1.0.2' ],
36 silly audit   'signal-exit': [ '4.1.0' ],
36 silly audit   'simple-swizzle': [ '0.2.2' ],
36 silly audit   'source-map-js': [ '1.2.1' ],
36 silly audit   'stable-hash': [ '0.0.4' ],
36 silly audit   streamsearch: [ '1.1.0' ],
36 silly audit   'string-width': [ '5.1.2', '4.2.3' ],
36 silly audit   'strip-ansi': [ '6.0.1', '7.1.0' ],
36 silly audit   'string.prototype.includes': [ '2.0.1' ],
36 silly audit   'string.prototype.matchall': [ '4.0.12' ],
36 silly audit   'string.prototype.repeat': [ '1.0.0' ],
36 silly audit   'string.prototype.trim': [ '1.2.10' ],
36 silly audit   'string.prototype.trimend': [ '1.0.9' ],
36 silly audit   'string.prototype.trimstart': [ '1.0.8' ],
36 silly audit   'strip-bom': [ '3.0.0' ],
36 silly audit   'strip-json-comments': [ '3.1.1' ],
36 silly audit   'styled-jsx': [ '5.1.6' ],
36 silly audit   sucrase: [ '3.35.0' ],
36 silly audit   'supports-color': [ '7.2.0' ],
36 silly audit   'supports-preserve-symlinks-flag': [ '1.0.0' ],
36 silly audit   tabbable: [ '6.2.0' ],
36 silly audit   'tailwind-merge': [ '3.0.1' ],
36 silly audit   tailwindcss: [ '3.4.17' ],
36 silly audit   'tailwindcss-animate': [ '1.0.7' ],
36 silly audit   tapable: [ '2.2.1' ],
36 silly audit   thenify: [ '3.3.1' ],
36 silly audit   'thenify-all': [ '1.6.0' ],
36 silly audit   tinyglobby: [ '0.2.10' ],
36 silly audit   fdir: [ '6.4.3' ],
36 silly audit   'to-regex-range': [ '5.0.1' ],
36 silly audit   'ts-api-utils': [ '2.0.1' ],
36 silly audit   'ts-interface-checker': [ '0.1.13' ],
36 silly audit   'tsconfig-paths': [ '3.15.0' ],
36 silly audit   tslib: [ '2.8.1' ],
36 silly audit   'type-check': [ '0.4.0' ],
36 silly audit   'typed-array-buffer': [ '1.0.3' ],
36 silly audit   'typed-array-byte-length': [ '1.0.3' ],
36 silly audit   'typed-array-byte-offset': [ '1.0.4' ],
36 silly audit   'typed-array-length': [ '1.0.7' ],
36 silly audit   typescript: [ '5.7.3' ],
36 silly audit   'unbox-primitive': [ '1.1.0' ],
36 silly audit   'undici-types': [ '6.19.8' ],
36 silly audit   'uri-js': [ '4.4.1' ],
36 silly audit   'util-deprecate': [ '1.0.2' ],
36 silly audit   which: [ '2.0.2' ],
36 silly audit   'which-boxed-primitive': [ '1.1.1' ],
36 silly audit   'which-builtin-type': [ '1.2.1' ],
36 silly audit   'which-collection': [ '1.0.2' ],
36 silly audit   'which-typed-array': [ '1.1.18' ],
36 silly audit   'word-wrap': [ '1.2.5' ],
36 silly audit   'wrap-ansi': [ '8.1.0', '7.0.0' ],
36 silly audit   yaml: [ '2.7.0' ],
36 silly audit   'yocto-queue': [ '0.1.0' ]
36 silly audit }
37 verbose reify failed optional dependency C:\Users\saadr\Desktop\Moiz\chat-room-ui\node_modules\fsevents
38 silly reify mark deleted [
38 silly reify   'C:\\Users\\saadr\\Desktop\\Moiz\\chat-room-ui\\node_modules\\fsevents'
38 silly reify ]
39 verbose reify failed optional dependency C:\Users\saadr\Desktop\Moiz\chat-room-ui\node_modules\@next\swc-win32-arm64-msvc
40 silly reify mark deleted [
40 silly reify   'C:\\Users\\saadr\\Desktop\\Moiz\\chat-room-ui\\node_modules\\@next\\swc-win32-arm64-msvc'
40 silly reify ]
41 verbose reify failed optional dependency C:\Users\saadr\Desktop\Moiz\chat-room-ui\node_modules\@next\swc-linux-x64-musl
42 silly reify mark deleted [
42 silly reify   'C:\\Users\\saadr\\Desktop\\Moiz\\chat-room-ui\\node_modules\\@next\\swc-linux-x64-musl'
42 silly reify ]
43 verbose reify failed optional dependency C:\Users\saadr\Desktop\Moiz\chat-room-ui\node_modules\@next\swc-linux-x64-gnu
44 silly reify mark deleted [
44 silly reify   'C:\\Users\\saadr\\Desktop\\Moiz\\chat-room-ui\\node_modules\\@next\\swc-linux-x64-gnu'
44 silly reify ]
45 verbose reify failed optional dependency C:\Users\saadr\Desktop\Moiz\chat-room-ui\node_modules\@next\swc-linux-arm64-musl
46 silly reify mark deleted [
46 silly reify   'C:\\Users\\saadr\\Desktop\\Moiz\\chat-room-ui\\node_modules\\@next\\swc-linux-arm64-musl'
46 silly reify ]
47 verbose reify failed optional dependency C:\Users\saadr\Desktop\Moiz\chat-room-ui\node_modules\@next\swc-linux-arm64-gnu
48 silly reify mark deleted [
48 silly reify   'C:\\Users\\saadr\\Desktop\\Moiz\\chat-room-ui\\node_modules\\@next\\swc-linux-arm64-gnu'
48 silly reify ]
49 verbose reify failed optional dependency C:\Users\saadr\Desktop\Moiz\chat-room-ui\node_modules\@next\swc-darwin-x64
50 silly reify mark deleted [
50 silly reify   'C:\\Users\\saadr\\Desktop\\Moiz\\chat-room-ui\\node_modules\\@next\\swc-darwin-x64'
50 silly reify ]
51 verbose reify failed optional dependency C:\Users\saadr\Desktop\Moiz\chat-room-ui\node_modules\@next\swc-darwin-arm64
52 silly reify mark deleted [
52 silly reify   'C:\\Users\\saadr\\Desktop\\Moiz\\chat-room-ui\\node_modules\\@next\\swc-darwin-arm64'
52 silly reify ]
53 verbose reify failed optional dependency C:\Users\saadr\Desktop\Moiz\chat-room-ui\node_modules\@img\sharp-win32-ia32
54 silly reify mark deleted [
54 silly reify   'C:\\Users\\saadr\\Desktop\\Moiz\\chat-room-ui\\node_modules\\@img\\sharp-win32-ia32'
54 silly reify ]
55 verbose reify failed optional dependency C:\Users\saadr\Desktop\Moiz\chat-room-ui\node_modules\@img\sharp-wasm32
56 silly reify mark deleted [
56 silly reify   'C:\\Users\\saadr\\Desktop\\Moiz\\chat-room-ui\\node_modules\\@img\\sharp-wasm32'
56 silly reify ]
57 verbose reify failed optional dependency C:\Users\saadr\Desktop\Moiz\chat-room-ui\node_modules\@emnapi\runtime
58 silly reify mark deleted [
58 silly reify   'C:\\Users\\saadr\\Desktop\\Moiz\\chat-room-ui\\node_modules\\@emnapi\\runtime'
58 silly reify ]
59 verbose reify failed optional dependency C:\Users\saadr\Desktop\Moiz\chat-room-ui\node_modules\@img\sharp-linuxmusl-x64
60 silly reify mark deleted [
60 silly reify   'C:\\Users\\saadr\\Desktop\\Moiz\\chat-room-ui\\node_modules\\@img\\sharp-linuxmusl-x64'
60 silly reify ]
61 verbose reify failed optional dependency C:\Users\saadr\Desktop\Moiz\chat-room-ui\node_modules\@img\sharp-linuxmusl-arm64
62 silly reify mark deleted [
62 silly reify   'C:\\Users\\saadr\\Desktop\\Moiz\\chat-room-ui\\node_modules\\@img\\sharp-linuxmusl-arm64'
62 silly reify ]
63 verbose reify failed optional dependency C:\Users\saadr\Desktop\Moiz\chat-room-ui\node_modules\@img\sharp-linux-x64
64 silly reify mark deleted [
64 silly reify   'C:\\Users\\saadr\\Desktop\\Moiz\\chat-room-ui\\node_modules\\@img\\sharp-linux-x64'
64 silly reify ]
65 verbose reify failed optional dependency C:\Users\saadr\Desktop\Moiz\chat-room-ui\node_modules\@img\sharp-linux-s390x
66 silly reify mark deleted [
66 silly reify   'C:\\Users\\saadr\\Desktop\\Moiz\\chat-room-ui\\node_modules\\@img\\sharp-linux-s390x'
66 silly reify ]
67 verbose reify failed optional dependency C:\Users\saadr\Desktop\Moiz\chat-room-ui\node_modules\@img\sharp-linux-arm64
68 silly reify mark deleted [
68 silly reify   'C:\\Users\\saadr\\Desktop\\Moiz\\chat-room-ui\\node_modules\\@img\\sharp-linux-arm64'
68 silly reify ]
69 verbose reify failed optional dependency C:\Users\saadr\Desktop\Moiz\chat-room-ui\node_modules\@img\sharp-linux-arm
70 silly reify mark deleted [
70 silly reify   'C:\\Users\\saadr\\Desktop\\Moiz\\chat-room-ui\\node_modules\\@img\\sharp-linux-arm'
70 silly reify ]
71 verbose reify failed optional dependency C:\Users\saadr\Desktop\Moiz\chat-room-ui\node_modules\@img\sharp-libvips-linuxmusl-x64
72 silly reify mark deleted [
72 silly reify   'C:\\Users\\saadr\\Desktop\\Moiz\\chat-room-ui\\node_modules\\@img\\sharp-libvips-linuxmusl-x64'
72 silly reify ]
73 verbose reify failed optional dependency C:\Users\saadr\Desktop\Moiz\chat-room-ui\node_modules\@img\sharp-libvips-linuxmusl-arm64
74 silly reify mark deleted [
74 silly reify   'C:\\Users\\saadr\\Desktop\\Moiz\\chat-room-ui\\node_modules\\@img\\sharp-libvips-linuxmusl-arm64'
74 silly reify ]
75 verbose reify failed optional dependency C:\Users\saadr\Desktop\Moiz\chat-room-ui\node_modules\@img\sharp-libvips-linux-x64
76 silly reify mark deleted [
76 silly reify   'C:\\Users\\saadr\\Desktop\\Moiz\\chat-room-ui\\node_modules\\@img\\sharp-libvips-linux-x64'
76 silly reify ]
77 verbose reify failed optional dependency C:\Users\saadr\Desktop\Moiz\chat-room-ui\node_modules\@img\sharp-libvips-linux-s390x
78 silly reify mark deleted [
78 silly reify   'C:\\Users\\saadr\\Desktop\\Moiz\\chat-room-ui\\node_modules\\@img\\sharp-libvips-linux-s390x'
78 silly reify ]
79 verbose reify failed optional dependency C:\Users\saadr\Desktop\Moiz\chat-room-ui\node_modules\@img\sharp-libvips-linux-arm64
80 silly reify mark deleted [
80 silly reify   'C:\\Users\\saadr\\Desktop\\Moiz\\chat-room-ui\\node_modules\\@img\\sharp-libvips-linux-arm64'
80 silly reify ]
81 verbose reify failed optional dependency C:\Users\saadr\Desktop\Moiz\chat-room-ui\node_modules\@img\sharp-libvips-linux-arm
82 silly reify mark deleted [
82 silly reify   'C:\\Users\\saadr\\Desktop\\Moiz\\chat-room-ui\\node_modules\\@img\\sharp-libvips-linux-arm'
82 silly reify ]
83 verbose reify failed optional dependency C:\Users\saadr\Desktop\Moiz\chat-room-ui\node_modules\@img\sharp-libvips-darwin-x64
84 silly reify mark deleted [
84 silly reify   'C:\\Users\\saadr\\Desktop\\Moiz\\chat-room-ui\\node_modules\\@img\\sharp-libvips-darwin-x64'
84 silly reify ]
85 verbose reify failed optional dependency C:\Users\saadr\Desktop\Moiz\chat-room-ui\node_modules\@img\sharp-libvips-darwin-arm64
86 silly reify mark deleted [
86 silly reify   'C:\\Users\\saadr\\Desktop\\Moiz\\chat-room-ui\\node_modules\\@img\\sharp-libvips-darwin-arm64'
86 silly reify ]
87 verbose reify failed optional dependency C:\Users\saadr\Desktop\Moiz\chat-room-ui\node_modules\@img\sharp-darwin-x64
88 silly reify mark deleted [
88 silly reify   'C:\\Users\\saadr\\Desktop\\Moiz\\chat-room-ui\\node_modules\\@img\\sharp-darwin-x64'
88 silly reify ]
89 verbose reify failed optional dependency C:\Users\saadr\Desktop\Moiz\chat-room-ui\node_modules\@img\sharp-darwin-arm64
90 silly reify mark deleted [
90 silly reify   'C:\\Users\\saadr\\Desktop\\Moiz\\chat-room-ui\\node_modules\\@img\\sharp-darwin-arm64'
90 silly reify ]
91 http fetch POST 200 https://registry.npmjs.org/-/npm/v1/security/advisories/bulk 591ms
92 silly audit report {}
93 silly ADD
94 silly ADD
95 silly ADD
96 silly ADD
97 silly ADD
98 silly ADD
99 silly ADD
100 silly ADD
101 silly ADD
102 silly ADD
103 silly ADD
104 silly ADD
105 silly ADD
106 silly ADD
107 silly ADD
108 silly ADD
109 silly ADD
110 silly ADD
111 silly ADD
112 silly ADD
113 silly ADD
114 silly ADD
115 silly ADD
116 silly ADD
117 silly ADD
118 silly ADD
119 silly ADD
120 silly REMOVE node_modules/@types/cors
121 silly REMOVE node_modules/@socket.io/component-emitter
122 silly REMOVE node_modules/xmlhttprequest-ssl
123 silly REMOVE node_modules/ws
124 silly REMOVE node_modules/vary
125 silly REMOVE node_modules/socket.io-adapter
126 silly REMOVE node_modules/socket.io-adapter/node_modules/debug
127 silly REMOVE node_modules/socket.io-parser
128 silly REMOVE node_modules/socket.io-parser/node_modules/debug
129 silly REMOVE node_modules/socket.io-client
130 silly REMOVE node_modules/socket.io-client/node_modules/debug
131 silly REMOVE node_modules/socket.io
132 silly REMOVE node_modules/socket.io/node_modules/debug
133 silly REMOVE node_modules/negotiator
134 silly REMOVE node_modules/mime-types
135 silly REMOVE node_modules/mime-db
136 silly REMOVE node_modules/engine.io
137 silly REMOVE node_modules/engine.io/node_modules/debug
138 silly REMOVE node_modules/engine.io-parser
139 silly REMOVE node_modules/engine.io-client
140 silly REMOVE node_modules/engine.io-client/node_modules/debug
141 silly REMOVE node_modules/cors
142 silly REMOVE node_modules/cookie
143 silly REMOVE node_modules/base64id
144 silly REMOVE node_modules/accepts
145 verbose cwd C:\Users\saadr\Desktop\Moiz\chat-room-ui
146 verbose os Windows_NT 10.0.22631
147 verbose node v18.20.5
148 verbose npm  v10.8.2
149 verbose exit 0
150 info ok
