0 verbose cli C:\Program Files\nodejs\node.exe C:\Program Files\nodejs\node_modules\npm\bin\npm-cli.js
1 info using npm@10.8.2
2 info using node@v18.20.5
3 silly config load:file:C:\Program Files\nodejs\node_modules\npm\npmrc
4 silly config load:file:c:\Users\saadr\Desktop\Moiz\chat-room-ui\.npmrc
5 silly config load:file:C:\Users\saadr\.npmrc
6 silly config load:file:C:\Users\saadr\AppData\Roaming\npm\etc\npmrc
7 verbose title npm view class-variance-authority description dist-tags.latest homepage version time
8 verbose argv "view" "--json" "--" "class-variance-authority" "description" "dist-tags.latest" "homepage" "version" "time"
9 verbose logfile logs-max:10 dir:c:\Users\saadr\Desktop\Moiz\chat-room-ui\%APPDATA%\npm-cache\_logs\2025-02-17T20_20_31_256Z-
10 verbose logfile c:\Users\saadr\Desktop\Moiz\chat-room-ui\%APPDATA%\npm-cache\_logs\2025-02-17T20_20_31_256Z-debug-0.log
11 silly logfile start cleaning logs, removing 1 files
12 silly logfile done cleaning log files
13 http fetch GET 200 https://registry.npmjs.org/class-variance-authority 771ms (cache updated)
14 verbose cwd c:\Users\saadr\Desktop\Moiz\chat-room-ui
15 verbose os Windows_NT 10.0.22631
16 verbose node v18.20.5
17 verbose npm  v10.8.2
18 verbose exit 0
19 info ok
