0 verbose cli C:\Program Files\nodejs\node.exe C:\Program Files\nodejs\node_modules\npm\bin\npm-cli.js
1 info using npm@10.8.2
2 info using node@v18.20.5
3 silly config load:file:C:\Program Files\nodejs\node_modules\npm\npmrc
4 silly config load:file:C:\Users\saadr\Desktop\Moiz\chat-room-ui\.npmrc
5 silly config load:file:C:\Users\saadr\.npmrc
6 silly config load:file:C:\Users\saadr\AppData\Roaming\npm\etc\npmrc
7 verbose title npm install
8 verbose argv "install"
9 verbose logfile logs-max:10 dir:C:\Users\saadr\Desktop\Moiz\chat-room-ui\%APPDATA%\npm-cache\_logs\2025-02-17T21_49_43_796Z-
10 verbose logfile C:\Users\saadr\Desktop\Moiz\chat-room-ui\%APPDATA%\npm-cache\_logs\2025-02-17T21_49_43_796Z-debug-0.log
11 silly packumentCache heap:4345298944 maxSize:1086324736 maxEntrySize:543162368
12 silly logfile start cleaning logs, removing 2 files
13 silly logfile done cleaning log files
14 silly idealTree buildDeps
15 silly reify moves {}
16 silly audit bulk request {
16 silly audit   '@alloc/quick-lru': [ '5.2.0' ],
16 silly audit   '@eslint-community/eslint-utils': [ '4.4.1' ],
16 silly audit   '@eslint-community/regexpp': [ '4.12.1' ],
16 silly audit   '@eslint/eslintrc': [ '2.1.4' ],
16 silly audit   '@eslint/js': [ '8.57.1' ],
16 silly audit   '@floating-ui/core': [ '1.6.9' ],
16 silly audit   '@floating-ui/dom': [ '1.6.13' ],
16 silly audit   '@floating-ui/react-dom': [ '2.1.2' ],
16 silly audit   '@floating-ui/utils': [ '0.2.9' ],
16 silly audit   '@humanwhocodes/config-array': [ '0.13.0' ],
16 silly audit   '@humanwhocodes/module-importer': [ '1.0.1' ],
16 silly audit   '@humanwhocodes/object-schema': [ '2.0.3' ],
16 silly audit   '@isaacs/cliui': [ '8.0.2' ],
16 silly audit   'ansi-regex': [ '6.1.0', '5.0.1' ],
16 silly audit   'strip-ansi': [ '7.1.0', '6.0.1' ],
16 silly audit   '@jridgewell/gen-mapping': [ '0.3.8' ],
16 silly audit   '@jridgewell/resolve-uri': [ '3.1.2' ],
16 silly audit   '@jridgewell/set-array': [ '1.2.1' ],
16 silly audit   '@jridgewell/sourcemap-codec': [ '1.5.0' ],
16 silly audit   '@jridgewell/trace-mapping': [ '0.3.25' ],
16 silly audit   '@next/env': [ '14.1.0' ],
16 silly audit   '@next/eslint-plugin-next': [ '14.1.0' ],
16 silly audit   '@next/swc-darwin-arm64': [ '14.1.0' ],
16 silly audit   '@next/swc-darwin-x64': [ '14.1.0' ],
16 silly audit   '@next/swc-linux-arm64-gnu': [ '14.1.0' ],
16 silly audit   '@next/swc-linux-arm64-musl': [ '14.1.0' ],
16 silly audit   '@next/swc-linux-x64-gnu': [ '14.1.0' ],
16 silly audit   '@next/swc-linux-x64-musl': [ '14.1.0' ],
16 silly audit   '@next/swc-win32-arm64-msvc': [ '14.1.0' ],
16 silly audit   '@next/swc-win32-ia32-msvc': [ '14.1.0' ],
16 silly audit   '@next/swc-win32-x64-msvc': [ '14.1.0' ],
16 silly audit   '@nodelib/fs.scandir': [ '2.1.5' ],
16 silly audit   '@nodelib/fs.stat': [ '2.0.5' ],
16 silly audit   '@nodelib/fs.walk': [ '1.2.8' ],
16 silly audit   '@nolyfill/is-core-module': [ '1.0.39' ],
16 silly audit   '@pkgjs/parseargs': [ '0.11.0' ],
16 silly audit   '@prisma/client': [ '6.3.1' ],
16 silly audit   '@prisma/debug': [ '6.3.1' ],
16 silly audit   '@prisma/engines': [ '6.3.1' ],
16 silly audit   '@prisma/engines-version': [ '6.3.0-17.acc0b9dd43eb689cbd20c9470515d719db10d0b0' ],
16 silly audit   '@prisma/fetch-engine': [ '6.3.1' ],
16 silly audit   '@prisma/get-platform': [ '6.3.1' ],
16 silly audit   '@radix-ui/primitive': [ '1.1.1' ],
16 silly audit   '@radix-ui/react-arrow': [ '1.1.2' ],
16 silly audit   '@radix-ui/react-collection': [ '1.1.2' ],
16 silly audit   '@radix-ui/react-compose-refs': [ '1.1.1' ],
16 silly audit   '@radix-ui/react-context': [ '1.1.1' ],
16 silly audit   '@radix-ui/react-direction': [ '1.1.0' ],
16 silly audit   '@radix-ui/react-dismissable-layer': [ '1.1.5' ],
16 silly audit   '@radix-ui/react-dropdown-menu': [ '2.1.6' ],
16 silly audit   '@radix-ui/react-focus-guards': [ '1.1.1' ],
16 silly audit   '@radix-ui/react-focus-scope': [ '1.1.2' ],
16 silly audit   '@radix-ui/react-id': [ '1.1.0' ],
16 silly audit   '@radix-ui/react-menu': [ '2.1.6' ],
16 silly audit   '@radix-ui/react-popper': [ '1.2.2' ],
16 silly audit   '@radix-ui/react-portal': [ '1.1.4' ],
16 silly audit   '@radix-ui/react-presence': [ '1.1.2' ],
16 silly audit   '@radix-ui/react-primitive': [ '2.0.2' ],
16 silly audit   '@radix-ui/react-roving-focus': [ '1.1.2' ],
16 silly audit   '@radix-ui/react-slot': [ '1.1.2' ],
16 silly audit   '@radix-ui/react-use-callback-ref': [ '1.1.0' ],
16 silly audit   '@radix-ui/react-use-controllable-state': [ '1.1.0' ],
16 silly audit   '@radix-ui/react-use-escape-keydown': [ '1.1.0' ],
16 silly audit   '@radix-ui/react-use-layout-effect': [ '1.1.0' ],
16 silly audit   '@radix-ui/react-use-rect': [ '1.1.0' ],
16 silly audit   '@radix-ui/react-use-size': [ '1.1.0' ],
16 silly audit   '@radix-ui/rect': [ '1.1.0' ],
16 silly audit   '@rtsao/scc': [ '1.1.0' ],
16 silly audit   '@rushstack/eslint-patch': [ '1.10.5' ],
16 silly audit   '@swc/helpers': [ '0.5.2' ],
16 silly audit   '@types/json5': [ '0.0.29' ],
16 silly audit   '@types/node': [ '20.17.19' ],
16 silly audit   '@types/prop-types': [ '15.7.14' ],
16 silly audit   '@types/react': [ '18.2.0' ],
16 silly audit   '@types/react-dom': [ '18.2.0' ],
16 silly audit   '@types/scheduler': [ '0.23.0' ],
16 silly audit   '@typescript-eslint/parser': [ '6.21.0' ],
16 silly audit   '@typescript-eslint/scope-manager': [ '6.21.0' ],
16 silly audit   '@typescript-eslint/types': [ '6.21.0' ],
16 silly audit   '@typescript-eslint/typescript-estree': [ '6.21.0' ],
16 silly audit   'brace-expansion': [ '2.0.1', '1.1.11' ],
16 silly audit   minimatch: [ '9.0.3', '9.0.5', '3.1.2' ],
16 silly audit   '@typescript-eslint/visitor-keys': [ '6.21.0' ],
16 silly audit   '@ungap/structured-clone': [ '1.3.0' ],
16 silly audit   acorn: [ '8.14.0' ],
16 silly audit   'acorn-jsx': [ '5.3.2' ],
16 silly audit   ajv: [ '6.12.6' ],
16 silly audit   'ansi-styles': [ '4.3.0', '6.2.1' ],
16 silly audit   'any-promise': [ '1.3.0' ],
16 silly audit   anymatch: [ '3.1.3' ],
16 silly audit   arg: [ '5.0.2' ],
16 silly audit   argparse: [ '2.0.1' ],
16 silly audit   'aria-hidden': [ '1.2.4' ],
16 silly audit   'aria-query': [ '5.3.2' ],
16 silly audit   'array-buffer-byte-length': [ '1.0.2' ],
16 silly audit   'array-includes': [ '3.1.8' ],
16 silly audit   'array-union': [ '2.1.0' ],
16 silly audit   'array.prototype.findlast': [ '1.2.5' ],
16 silly audit   'array.prototype.findlastindex': [ '1.2.5' ],
16 silly audit   'array.prototype.flat': [ '1.3.3' ],
16 silly audit   'array.prototype.flatmap': [ '1.3.3' ],
16 silly audit   'array.prototype.tosorted': [ '1.1.4' ],
16 silly audit   'arraybuffer.prototype.slice': [ '1.0.4' ],
16 silly audit   'ast-types-flow': [ '0.0.8' ],
16 silly audit   'async-function': [ '1.0.0' ],
16 silly audit   autoprefixer: [ '10.4.20' ],
16 silly audit   'available-typed-arrays': [ '1.0.7' ],
16 silly audit   'axe-core': [ '4.10.2' ],
16 silly audit   'axobject-query': [ '4.1.0' ],
16 silly audit   'balanced-match': [ '1.0.2' ],
16 silly audit   'binary-extensions': [ '2.3.0' ],
16 silly audit   braces: [ '3.0.3' ],
16 silly audit   browserslist: [ '4.24.4' ],
16 silly audit   busboy: [ '1.6.0' ],
16 silly audit   'call-bind': [ '1.0.8' ],
16 silly audit   'call-bind-apply-helpers': [ '1.0.2' ],
16 silly audit   'call-bound': [ '1.0.3' ],
16 silly audit   callsites: [ '3.1.0' ],
16 silly audit   'camelcase-css': [ '2.0.1' ],
16 silly audit   'caniuse-lite': [ '1.0.30001700' ],
16 silly audit   chalk: [ '4.1.2' ],
16 silly audit   chokidar: [ '3.6.0' ],
16 silly audit   'glob-parent': [ '5.1.2', '6.0.2' ],
16 silly audit   'class-variance-authority': [ '0.7.1' ],
16 silly audit   'client-only': [ '0.0.1' ],
16 silly audit   clsx: [ '2.1.1' ],
16 silly audit   'color-convert': [ '2.0.1' ],
16 silly audit   'color-name': [ '1.1.4' ],
16 silly audit   commander: [ '4.1.1' ],
16 silly audit   'concat-map': [ '0.0.1' ],
16 silly audit   'cross-spawn': [ '7.0.6' ],
16 silly audit   cssesc: [ '3.0.0' ],
16 silly audit   csstype: [ '3.1.3' ],
16 silly audit   'damerau-levenshtein': [ '1.0.8' ],
16 silly audit   'data-view-buffer': [ '1.0.2' ],
16 silly audit   'data-view-byte-length': [ '1.0.2' ],
16 silly audit   'data-view-byte-offset': [ '1.0.1' ],
16 silly audit   debug: [ '4.4.0', '3.2.7' ],
16 silly audit   'deep-is': [ '0.1.4' ],
16 silly audit   'define-data-property': [ '1.1.4' ],
16 silly audit   'define-properties': [ '1.2.1' ],
16 silly audit   'detect-node-es': [ '1.1.0' ],
16 silly audit   didyoumean: [ '1.2.2' ],
16 silly audit   'dir-glob': [ '3.0.1' ],
16 silly audit   dlv: [ '1.1.3' ],
16 silly audit   doctrine: [ '3.0.0', '2.1.0' ],
16 silly audit   'dunder-proto': [ '1.0.1' ],
16 silly audit   eastasianwidth: [ '0.2.0' ],
16 silly audit   'electron-to-chromium': [ '1.5.102' ],
16 silly audit   'emoji-regex': [ '9.2.2', '8.0.0' ],
16 silly audit   'enhanced-resolve': [ '5.18.1' ],
16 silly audit   'es-abstract': [ '1.23.9' ],
16 silly audit   'es-define-property': [ '1.0.1' ],
16 silly audit   'es-errors': [ '1.3.0' ],
16 silly audit   'es-iterator-helpers': [ '1.2.1' ],
16 silly audit   'es-object-atoms': [ '1.1.1' ],
16 silly audit   'es-set-tostringtag': [ '2.1.0' ],
16 silly audit   'es-shim-unscopables': [ '1.1.0' ],
16 silly audit   'es-to-primitive': [ '1.3.0' ],
16 silly audit   escalade: [ '3.2.0' ],
16 silly audit   'escape-string-regexp': [ '4.0.0' ],
16 silly audit   eslint: [ '8.57.1' ],
16 silly audit   'eslint-config-next': [ '14.1.0' ],
16 silly audit   'eslint-import-resolver-node': [ '0.3.9' ],
16 silly audit   'eslint-import-resolver-typescript': [ '3.8.1' ],
16 silly audit   'eslint-module-utils': [ '2.12.0' ],
16 silly audit   'eslint-plugin-import': [ '2.31.0' ],
16 silly audit   semver: [ '6.3.1', '7.7.1' ],
16 silly audit   'eslint-plugin-jsx-a11y': [ '6.10.2' ],
16 silly audit   'eslint-plugin-react': [ '7.37.4' ],
16 silly audit   'eslint-plugin-react-hooks': [ '5.0.0-canary-7118f5dd7-20230705' ],
16 silly audit   resolve: [ '2.0.0-next.5', '1.22.10' ],
16 silly audit   'eslint-scope': [ '7.2.2' ],
16 silly audit   'eslint-visitor-keys': [ '3.4.3' ],
16 silly audit   espree: [ '9.6.1' ],
16 silly audit   esquery: [ '1.6.0' ],
16 silly audit   esrecurse: [ '4.3.0' ],
16 silly audit   estraverse: [ '5.3.0' ],
16 silly audit   esutils: [ '2.0.3' ],
16 silly audit   'fast-deep-equal': [ '3.1.3' ],
16 silly audit   'fast-glob': [ '3.3.3' ],
16 silly audit   'fast-json-stable-stringify': [ '2.1.0' ],
16 silly audit   'fast-levenshtein': [ '2.0.6' ],
16 silly audit   fastq: [ '1.19.0' ],
16 silly audit   fdir: [ '6.4.3' ],
16 silly audit   'file-entry-cache': [ '6.0.1' ],
16 silly audit   'fill-range': [ '7.1.1' ],
16 silly audit   'find-up': [ '5.0.0' ],
16 silly audit   'flat-cache': [ '3.2.0' ],
16 silly audit   flatted: [ '3.3.2' ],
16 silly audit   'for-each': [ '0.3.5' ],
16 silly audit   'foreground-child': [ '3.3.0' ],
16 silly audit   'fraction.js': [ '4.3.7' ],
16 silly audit   'fs.realpath': [ '1.0.0' ],
16 silly audit   fsevents: [ '2.3.3' ],
16 silly audit   'function-bind': [ '1.1.2' ],
16 silly audit   'function.prototype.name': [ '1.1.8' ],
16 silly audit   'functions-have-names': [ '1.2.3' ],
16 silly audit   'get-intrinsic': [ '1.2.7' ],
16 silly audit   'get-nonce': [ '1.0.1' ],
16 silly audit   'get-proto': [ '1.0.1' ],
16 silly audit   'get-symbol-description': [ '1.1.0' ],
16 silly audit   'get-tsconfig': [ '4.10.0' ],
16 silly audit   glob: [ '10.3.10', '7.2.3' ],
16 silly audit   globals: [ '13.24.0' ],
16 silly audit   globalthis: [ '1.0.4' ],
16 silly audit   globby: [ '11.1.0' ],
16 silly audit   gopd: [ '1.2.0' ],
16 silly audit   'graceful-fs': [ '4.2.11' ],
16 silly audit   graphemer: [ '1.4.0' ],
16 silly audit   'has-bigints': [ '1.1.0' ],
16 silly audit   'has-flag': [ '4.0.0' ],
16 silly audit   'has-property-descriptors': [ '1.0.2' ],
16 silly audit   'has-proto': [ '1.2.0' ],
16 silly audit   'has-symbols': [ '1.1.0' ],
16 silly audit   'has-tostringtag': [ '1.0.2' ],
16 silly audit   hasown: [ '2.0.2' ],
16 silly audit   ignore: [ '5.3.2' ],
16 silly audit   'import-fresh': [ '3.3.1' ],
16 silly audit   imurmurhash: [ '0.1.4' ],
16 silly audit   inflight: [ '1.0.6' ],
16 silly audit   inherits: [ '2.0.4' ],
16 silly audit   'internal-slot': [ '1.1.0' ],
16 silly audit   'is-array-buffer': [ '3.0.5' ],
16 silly audit   'is-async-function': [ '2.1.1' ],
16 silly audit   'is-bigint': [ '1.1.0' ],
16 silly audit   'is-binary-path': [ '2.1.0' ],
16 silly audit   'is-boolean-object': [ '1.2.2' ],
16 silly audit   'is-bun-module': [ '1.3.0' ],
16 silly audit   'is-callable': [ '1.2.7' ],
16 silly audit   'is-core-module': [ '2.16.1' ],
16 silly audit   'is-data-view': [ '1.0.2' ],
16 silly audit   'is-date-object': [ '1.1.0' ],
16 silly audit   'is-extglob': [ '2.1.1' ],
16 silly audit   'is-finalizationregistry': [ '1.1.1' ],
16 silly audit   'is-fullwidth-code-point': [ '3.0.0' ],
16 silly audit   'is-generator-function': [ '1.1.0' ],
16 silly audit   'is-glob': [ '4.0.3' ],
16 silly audit   'is-map': [ '2.0.3' ],
16 silly audit   'is-number': [ '7.0.0' ],
16 silly audit   'is-number-object': [ '1.1.1' ],
16 silly audit   'is-path-inside': [ '3.0.3' ],
16 silly audit   'is-regex': [ '1.2.1' ],
16 silly audit   'is-set': [ '2.0.3' ],
16 silly audit   'is-shared-array-buffer': [ '1.0.4' ],
16 silly audit   'is-string': [ '1.1.1' ],
16 silly audit   'is-symbol': [ '1.1.1' ],
16 silly audit   'is-typed-array': [ '1.1.15' ],
16 silly audit   'is-weakmap': [ '2.0.2' ],
16 silly audit   'is-weakref': [ '1.1.1' ],
16 silly audit   'is-weakset': [ '2.0.4' ],
16 silly audit   isarray: [ '2.0.5' ],
16 silly audit   isexe: [ '2.0.0' ],
16 silly audit   'iterator.prototype': [ '1.1.5' ],
16 silly audit   jackspeak: [ '2.3.6' ],
16 silly audit   jiti: [ '1.21.7' ],
16 silly audit   'js-tokens': [ '4.0.0' ],
16 silly audit   'js-yaml': [ '4.1.0' ],
16 silly audit   'json-buffer': [ '3.0.1' ],
16 silly audit   'json-schema-traverse': [ '0.4.1' ],
16 silly audit   'json-stable-stringify-without-jsonify': [ '1.0.1' ],
16 silly audit   json5: [ '1.0.2' ],
16 silly audit   'jsx-ast-utils': [ '3.3.5' ],
16 silly audit   keyv: [ '4.5.4' ],
16 silly audit   'language-subtag-registry': [ '0.3.23' ],
16 silly audit   'language-tags': [ '1.0.9' ],
16 silly audit   levn: [ '0.4.1' ],
16 silly audit   lilconfig: [ '3.1.3' ],
16 silly audit   'lines-and-columns': [ '1.2.4' ],
16 silly audit   'locate-path': [ '6.0.0' ],
16 silly audit   'lodash.merge': [ '4.6.2' ],
16 silly audit   'loose-envify': [ '1.4.0' ],
16 silly audit   'lru-cache': [ '10.4.3' ],
16 silly audit   'lucide-react': [ '0.344.0' ],
16 silly audit   'math-intrinsics': [ '1.1.0' ],
16 silly audit   merge2: [ '1.4.1' ],
16 silly audit   micromatch: [ '4.0.8' ],
16 silly audit   minimist: [ '1.2.8' ],
16 silly audit   minipass: [ '7.1.2' ],
16 silly audit   ms: [ '2.1.3' ],
16 silly audit   mz: [ '2.7.0' ],
16 silly audit   nanoid: [ '3.3.8' ],
16 silly audit   'natural-compare': [ '1.4.0' ],
16 silly audit   next: [ '14.1.0' ],
16 silly audit   'next-themes': [ '0.4.4' ],
16 silly audit   postcss: [ '8.4.31', '8.5.2' ],
16 silly audit   'node-releases': [ '2.0.19' ],
16 silly audit   'normalize-path': [ '3.0.0' ],
16 silly audit   'normalize-range': [ '0.1.2' ],
16 silly audit   'object-assign': [ '4.1.1' ],
16 silly audit   'object-hash': [ '3.0.0' ],
16 silly audit   'object-inspect': [ '1.13.4' ],
16 silly audit   'object-keys': [ '1.1.1' ],
16 silly audit   'object.assign': [ '4.1.7' ],
16 silly audit   'object.entries': [ '1.1.8' ],
16 silly audit   'object.fromentries': [ '2.0.8' ],
16 silly audit   'object.groupby': [ '1.0.3' ],
16 silly audit   'object.values': [ '1.2.1' ],
16 silly audit   once: [ '1.4.0' ],
16 silly audit   optionator: [ '0.9.4' ],
16 silly audit   'own-keys': [ '1.0.1' ],
16 silly audit   'p-limit': [ '3.1.0' ],
16 silly audit   'p-locate': [ '5.0.0' ],
16 silly audit   'parent-module': [ '1.0.1' ],
16 silly audit   'path-exists': [ '4.0.0' ],
16 silly audit   'path-is-absolute': [ '1.0.1' ],
16 silly audit   'path-key': [ '3.1.1' ],
16 silly audit   'path-parse': [ '1.0.7' ],
16 silly audit   'path-scurry': [ '1.11.1' ],
16 silly audit   'path-type': [ '4.0.0' ],
16 silly audit   picocolors: [ '1.1.1' ],
16 silly audit   picomatch: [ '2.3.1', '4.0.2' ],
16 silly audit   pify: [ '2.3.0' ],
16 silly audit   pirates: [ '4.0.6' ],
16 silly audit   'possible-typed-array-names': [ '1.1.0' ],
16 silly audit   'postcss-import': [ '15.1.0' ],
16 silly audit   'postcss-js': [ '4.0.1' ],
16 silly audit   'postcss-load-config': [ '4.0.2' ],
16 silly audit   'postcss-nested': [ '6.2.0' ],
16 silly audit   'postcss-selector-parser': [ '6.1.2' ],
16 silly audit   'postcss-value-parser': [ '4.2.0' ],
16 silly audit   'prelude-ls': [ '1.2.1' ],
16 silly audit   prisma: [ '6.3.1' ],
16 silly audit   'prop-types': [ '15.8.1' ],
16 silly audit   punycode: [ '2.3.1' ],
16 silly audit   'queue-microtask': [ '1.2.3' ],
16 silly audit   react: [ '18.2.0' ],
16 silly audit   'react-dom': [ '18.2.0' ],
16 silly audit   'react-is': [ '16.13.1' ],
16 silly audit   'react-remove-scroll': [ '2.6.3' ],
16 silly audit   'react-remove-scroll-bar': [ '2.3.8' ],
16 silly audit   'react-style-singleton': [ '2.2.3' ],
16 silly audit   'read-cache': [ '1.0.0' ],
16 silly audit   readdirp: [ '3.6.0' ],
16 silly audit   'reflect.getprototypeof': [ '1.0.10' ],
16 silly audit   'regexp.prototype.flags': [ '1.5.4' ],
16 silly audit   'resolve-from': [ '4.0.0' ],
16 silly audit   'resolve-pkg-maps': [ '1.0.0' ],
16 silly audit   reusify: [ '1.0.4' ],
16 silly audit   rimraf: [ '3.0.2' ],
16 silly audit   'run-parallel': [ '1.2.0' ],
16 silly audit   'safe-array-concat': [ '1.1.3' ],
16 silly audit   'safe-push-apply': [ '1.0.0' ],
16 silly audit   'safe-regex-test': [ '1.1.0' ],
16 silly audit   scheduler: [ '0.23.2' ],
16 silly audit   'set-function-length': [ '1.2.2' ],
16 silly audit   'set-function-name': [ '2.0.2' ],
16 silly audit   'set-proto': [ '1.0.0' ],
16 silly audit   'shebang-command': [ '2.0.0' ],
16 silly audit   'shebang-regex': [ '3.0.0' ],
16 silly audit   'side-channel': [ '1.1.0' ],
16 silly audit   'side-channel-list': [ '1.0.0' ],
16 silly audit   'side-channel-map': [ '1.0.1' ],
16 silly audit   'side-channel-weakmap': [ '1.0.2' ],
16 silly audit   'signal-exit': [ '4.1.0' ],
16 silly audit   slash: [ '3.0.0' ],
16 silly audit   'source-map-js': [ '1.2.1' ],
16 silly audit   'stable-hash': [ '0.0.4' ],
16 silly audit   streamsearch: [ '1.1.0' ],
16 silly audit   'string-width': [ '5.1.2', '4.2.3' ],
16 silly audit   'string.prototype.includes': [ '2.0.1' ],
16 silly audit   'string.prototype.matchall': [ '4.0.12' ],
16 silly audit   'string.prototype.repeat': [ '1.0.0' ],
16 silly audit   'string.prototype.trim': [ '1.2.10' ],
16 silly audit   'string.prototype.trimend': [ '1.0.9' ],
16 silly audit   'string.prototype.trimstart': [ '1.0.8' ],
16 silly audit   'strip-bom': [ '3.0.0' ],
16 silly audit   'strip-json-comments': [ '3.1.1' ],
16 silly audit   'styled-jsx': [ '5.1.1' ],
16 silly audit   sucrase: [ '3.35.0' ],
16 silly audit   'supports-color': [ '7.2.0' ],
16 silly audit   'supports-preserve-symlinks-flag': [ '1.0.0' ],
16 silly audit   'tailwind-merge': [ '2.6.0' ],
16 silly audit   tailwindcss: [ '3.4.17' ],
16 silly audit   'tailwindcss-animate': [ '1.0.7' ],
16 silly audit   tapable: [ '2.2.1' ],
16 silly audit   'text-table': [ '0.2.0' ],
16 silly audit   thenify: [ '3.3.1' ],
16 silly audit   'thenify-all': [ '1.6.0' ],
16 silly audit   tinyglobby: [ '0.2.11' ],
16 silly audit   'to-regex-range': [ '5.0.1' ],
16 silly audit   'ts-api-utils': [ '1.4.3' ],
16 silly audit   'ts-interface-checker': [ '0.1.13' ],
16 silly audit   'tsconfig-paths': [ '3.15.0' ],
16 silly audit   tslib: [ '2.8.1' ],
16 silly audit   'type-check': [ '0.4.0' ],
16 silly audit   'type-fest': [ '0.20.2' ],
16 silly audit   'typed-array-buffer': [ '1.0.3' ],
16 silly audit   'typed-array-byte-length': [ '1.0.3' ],
16 silly audit   'typed-array-byte-offset': [ '1.0.4' ],
16 silly audit   'typed-array-length': [ '1.0.7' ],
16 silly audit   typescript: [ '5.7.3' ],
16 silly audit   'unbox-primitive': [ '1.1.0' ],
16 silly audit   'undici-types': [ '6.19.8' ],
16 silly audit   'update-browserslist-db': [ '1.1.2' ],
16 silly audit   'uri-js': [ '4.4.1' ],
16 silly audit   'use-callback-ref': [ '1.3.3' ],
16 silly audit   'use-sidecar': [ '1.1.3' ],
16 silly audit   'util-deprecate': [ '1.0.2' ],
16 silly audit   which: [ '2.0.2' ],
16 silly audit   'which-boxed-primitive': [ '1.1.1' ],
16 silly audit   'which-builtin-type': [ '1.2.1' ],
16 silly audit   'which-collection': [ '1.0.2' ],
16 silly audit   'which-typed-array': [ '1.1.18' ],
16 silly audit   'word-wrap': [ '1.2.5' ],
16 silly audit   'wrap-ansi': [ '8.1.0', '7.0.0' ],
16 silly audit   wrappy: [ '1.0.2' ],
16 silly audit   yaml: [ '2.7.0' ],
16 silly audit   'yocto-queue': [ '0.1.0' ]
16 silly audit }
17 verbose reify failed optional dependency C:\Users\saadr\Desktop\Moiz\chat-room-ui\node_modules\fsevents
18 silly reify mark deleted [
18 silly reify   'C:\\Users\\saadr\\Desktop\\Moiz\\chat-room-ui\\node_modules\\fsevents'
18 silly reify ]
19 verbose reify failed optional dependency C:\Users\saadr\Desktop\Moiz\chat-room-ui\node_modules\@next\swc-win32-ia32-msvc
20 silly reify mark deleted [
20 silly reify   'C:\\Users\\saadr\\Desktop\\Moiz\\chat-room-ui\\node_modules\\@next\\swc-win32-ia32-msvc'
20 silly reify ]
21 verbose reify failed optional dependency C:\Users\saadr\Desktop\Moiz\chat-room-ui\node_modules\@next\swc-win32-arm64-msvc
22 silly reify mark deleted [
22 silly reify   'C:\\Users\\saadr\\Desktop\\Moiz\\chat-room-ui\\node_modules\\@next\\swc-win32-arm64-msvc'
22 silly reify ]
23 verbose reify failed optional dependency C:\Users\saadr\Desktop\Moiz\chat-room-ui\node_modules\@next\swc-linux-x64-musl
24 silly reify mark deleted [
24 silly reify   'C:\\Users\\saadr\\Desktop\\Moiz\\chat-room-ui\\node_modules\\@next\\swc-linux-x64-musl'
24 silly reify ]
25 verbose reify failed optional dependency C:\Users\saadr\Desktop\Moiz\chat-room-ui\node_modules\@next\swc-linux-x64-gnu
26 silly reify mark deleted [
26 silly reify   'C:\\Users\\saadr\\Desktop\\Moiz\\chat-room-ui\\node_modules\\@next\\swc-linux-x64-gnu'
26 silly reify ]
27 verbose reify failed optional dependency C:\Users\saadr\Desktop\Moiz\chat-room-ui\node_modules\@next\swc-linux-arm64-musl
28 silly reify mark deleted [
28 silly reify   'C:\\Users\\saadr\\Desktop\\Moiz\\chat-room-ui\\node_modules\\@next\\swc-linux-arm64-musl'
28 silly reify ]
29 verbose reify failed optional dependency C:\Users\saadr\Desktop\Moiz\chat-room-ui\node_modules\@next\swc-linux-arm64-gnu
30 silly reify mark deleted [
30 silly reify   'C:\\Users\\saadr\\Desktop\\Moiz\\chat-room-ui\\node_modules\\@next\\swc-linux-arm64-gnu'
30 silly reify ]
31 verbose reify failed optional dependency C:\Users\saadr\Desktop\Moiz\chat-room-ui\node_modules\@next\swc-darwin-x64
32 silly reify mark deleted [
32 silly reify   'C:\\Users\\saadr\\Desktop\\Moiz\\chat-room-ui\\node_modules\\@next\\swc-darwin-x64'
32 silly reify ]
33 verbose reify failed optional dependency C:\Users\saadr\Desktop\Moiz\chat-room-ui\node_modules\@next\swc-darwin-arm64
34 silly reify mark deleted [
34 silly reify   'C:\\Users\\saadr\\Desktop\\Moiz\\chat-room-ui\\node_modules\\@next\\swc-darwin-arm64'
34 silly reify ]
35 http fetch POST 200 https://registry.npmjs.org/-/npm/v1/security/advisories/bulk 2082ms
36 silly audit report {
36 silly audit report   next: [
36 silly audit report     {
36 silly audit report       id: 1099638,
36 silly audit report       url: 'https://github.com/advisories/GHSA-gp8f-8m3g-qvj9',
36 silly audit report       title: 'Next.js Cache Poisoning',
36 silly audit report       severity: 'high',
36 silly audit report       vulnerable_versions: '>=14.0.0 <14.2.10',
36 silly audit report       cwe: [Array],
36 silly audit report       cvss: [Object]
36 silly audit report     },
36 silly audit report     {
36 silly audit report       id: 1100421,
36 silly audit report       url: 'https://github.com/advisories/GHSA-g77x-44xx-532m',
36 silly audit report       title: 'Denial of Service condition in Next.js image optimization',
36 silly audit report       severity: 'moderate',
36 silly audit report       vulnerable_versions: '>=10.0.0 <14.2.7',
36 silly audit report       cwe: [Array],
36 silly audit report       cvss: [Object]
36 silly audit report     },
36 silly audit report     {
36 silly audit report       id: 1101380,
36 silly audit report       url: 'https://github.com/advisories/GHSA-7gfc-8cq8-jh5f',
36 silly audit report       title: 'Next.js authorization bypass vulnerability',
36 silly audit report       severity: 'high',
36 silly audit report       vulnerable_versions: '>=9.5.5 <14.2.15',
36 silly audit report       cwe: [Array],
36 silly audit report       cvss: [Object]
36 silly audit report     },
36 silly audit report     {
36 silly audit report       id: 1101438,
36 silly audit report       url: 'https://github.com/advisories/GHSA-7m27-7ghc-44w9',
36 silly audit report       title: 'Next.js Allows a Denial of Service (DoS) with Server Actions',
36 silly audit report       severity: 'moderate',
36 silly audit report       vulnerable_versions: '>=14.0.0 <14.2.21',
36 silly audit report       cwe: [Array],
36 silly audit report       cvss: [Object]
36 silly audit report     },
36 silly audit report     {
36 silly audit report       id: 1097295,
36 silly audit report       url: 'https://github.com/advisories/GHSA-fr5h-rqp8-mj6g',
36 silly audit report       title: 'Next.js Server-Side Request Forgery in Server Actions',
36 silly audit report       severity: 'high',
36 silly audit report       vulnerable_versions: '>=13.4.0 <14.1.1',
36 silly audit report       cwe: [Array],
36 silly audit report       cvss: [Object]
36 silly audit report     }
36 silly audit report   ]
36 silly audit report }
37 silly packumentCache corgi:https://registry.npmjs.org/next cache-miss
38 warn deprecated inflight@1.0.6: This module is not supported, and leaks memory. Do not use it. Check out lru-cache if you want a good and tested way to coalesce async requests by a key value, which is much more comprehensive and powerful.
39 warn deprecated @humanwhocodes/config-array@0.13.0: Use @eslint/config-array instead
40 warn deprecated rimraf@3.0.2: Rimraf versions prior to v4 are no longer supported
41 warn deprecated glob@7.2.3: Glob versions prior to v9 are no longer supported
42 warn deprecated @humanwhocodes/object-schema@2.0.3: Use @eslint/object-schema instead
43 http fetch GET 200 https://registry.npmjs.org/next 4021ms (cache updated)
44 silly packumentCache corgi:https://registry.npmjs.org/next set size:undefined disposed:false
45 warn deprecated eslint@8.57.1: This version is no longer supported. Please see https://eslint.org/version-support for other options.
46 info run prisma@6.3.1 preinstall node_modules/prisma node scripts/preinstall-entry.js
47 info run prisma@6.3.1 preinstall { code: 0, signal: null }
48 info run @prisma/client@6.3.1 postinstall node_modules/@prisma/client node scripts/postinstall.js
49 info run @prisma/engines@6.3.1 postinstall node_modules/@prisma/engines node scripts/postinstall.js
50 info run @prisma/engines@6.3.1 postinstall { code: 0, signal: null }
51 info run @prisma/client@6.3.1 postinstall { code: 0, signal: null }
52 silly ADD node_modules/yocto-queue
53 silly ADD node_modules/yaml
54 silly ADD node_modules/wrappy
55 silly ADD node_modules/wrap-ansi-cjs
56 silly ADD node_modules/wrap-ansi-cjs/node_modules/string-width
57 silly ADD node_modules/wrap-ansi-cjs/node_modules/emoji-regex
58 silly ADD node_modules/wrap-ansi
59 silly ADD node_modules/wrap-ansi/node_modules/strip-ansi
60 silly ADD node_modules/wrap-ansi/node_modules/ansi-styles
61 silly ADD node_modules/wrap-ansi/node_modules/ansi-regex
62 silly ADD node_modules/word-wrap
63 silly ADD node_modules/which-typed-array
64 silly ADD node_modules/which-collection
65 silly ADD node_modules/which-builtin-type
66 silly ADD node_modules/which-boxed-primitive
67 silly ADD node_modules/which
68 silly ADD node_modules/util-deprecate
69 silly ADD node_modules/use-sidecar
70 silly ADD node_modules/use-callback-ref
71 silly ADD node_modules/uri-js
72 silly ADD node_modules/update-browserslist-db
73 silly ADD node_modules/undici-types
74 silly ADD node_modules/unbox-primitive
75 silly ADD node_modules/typescript
76 silly ADD node_modules/typed-array-length
77 silly ADD node_modules/typed-array-byte-offset
78 silly ADD node_modules/typed-array-byte-length
79 silly ADD node_modules/typed-array-buffer
80 silly ADD node_modules/type-fest
81 silly ADD node_modules/type-check
82 silly ADD node_modules/tslib
83 silly ADD node_modules/tsconfig-paths
84 silly ADD node_modules/ts-interface-checker
85 silly ADD node_modules/ts-api-utils
86 silly ADD node_modules/to-regex-range
87 silly ADD node_modules/tinyglobby
88 silly ADD node_modules/tinyglobby/node_modules/picomatch
89 silly ADD node_modules/thenify-all
90 silly ADD node_modules/thenify
91 silly ADD node_modules/text-table
92 silly ADD node_modules/tapable
93 silly ADD node_modules/tailwindcss-animate
94 silly ADD node_modules/tailwindcss
95 silly ADD node_modules/tailwind-merge
96 silly ADD node_modules/supports-preserve-symlinks-flag
97 silly ADD node_modules/supports-color
98 silly ADD node_modules/sucrase
99 silly ADD node_modules/styled-jsx
100 silly ADD node_modules/strip-json-comments
101 silly ADD node_modules/strip-bom
102 silly ADD node_modules/strip-ansi-cjs
103 silly ADD node_modules/strip-ansi
104 silly ADD node_modules/string.prototype.trimstart
105 silly ADD node_modules/string.prototype.trimend
106 silly ADD node_modules/string.prototype.trim
107 silly ADD node_modules/string.prototype.repeat
108 silly ADD node_modules/string.prototype.matchall
109 silly ADD node_modules/string.prototype.includes
110 silly ADD node_modules/string-width-cjs
111 silly ADD node_modules/string-width-cjs/node_modules/emoji-regex
112 silly ADD node_modules/string-width
113 silly ADD node_modules/string-width/node_modules/strip-ansi
114 silly ADD node_modules/string-width/node_modules/ansi-regex
115 silly ADD node_modules/streamsearch
116 silly ADD node_modules/stable-hash
117 silly ADD node_modules/source-map-js
118 silly ADD node_modules/slash
119 silly ADD node_modules/signal-exit
120 silly ADD node_modules/side-channel-weakmap
121 silly ADD node_modules/side-channel-map
122 silly ADD node_modules/side-channel-list
123 silly ADD node_modules/side-channel
124 silly ADD node_modules/shebang-regex
125 silly ADD node_modules/shebang-command
126 silly ADD node_modules/set-proto
127 silly ADD node_modules/set-function-name
128 silly ADD node_modules/set-function-length
129 silly ADD node_modules/semver
130 silly ADD node_modules/scheduler
131 silly ADD node_modules/safe-regex-test
132 silly ADD node_modules/safe-push-apply
133 silly ADD node_modules/safe-array-concat
134 silly ADD node_modules/run-parallel
135 silly ADD node_modules/rimraf
136 silly ADD node_modules/rimraf/node_modules/glob
137 silly ADD node_modules/reusify
138 silly ADD node_modules/resolve-pkg-maps
139 silly ADD node_modules/resolve-from
140 silly ADD node_modules/resolve
141 silly ADD node_modules/regexp.prototype.flags
142 silly ADD node_modules/reflect.getprototypeof
143 silly ADD node_modules/readdirp
144 silly ADD node_modules/read-cache
145 silly ADD node_modules/react-style-singleton
146 silly ADD node_modules/react-remove-scroll-bar
147 silly ADD node_modules/react-remove-scroll
148 silly ADD node_modules/react-is
149 silly ADD node_modules/react-dom
150 silly ADD node_modules/react
151 silly ADD node_modules/queue-microtask
152 silly ADD node_modules/punycode
153 silly ADD node_modules/prop-types
154 silly ADD node_modules/prisma
155 silly ADD node_modules/prelude-ls
156 silly ADD node_modules/postcss-value-parser
157 silly ADD node_modules/postcss-selector-parser
158 silly ADD node_modules/postcss-nested
159 silly ADD node_modules/postcss-load-config
160 silly ADD node_modules/postcss-js
161 silly ADD node_modules/postcss-import
162 silly ADD node_modules/postcss
163 silly ADD node_modules/possible-typed-array-names
164 silly ADD node_modules/pirates
165 silly ADD node_modules/pify
166 silly ADD node_modules/picomatch
167 silly ADD node_modules/picocolors
168 silly ADD node_modules/path-type
169 silly ADD node_modules/path-scurry
170 silly ADD node_modules/path-parse
171 silly ADD node_modules/path-key
172 silly ADD node_modules/path-is-absolute
173 silly ADD node_modules/path-exists
174 silly ADD node_modules/parent-module
175 silly ADD node_modules/p-locate
176 silly ADD node_modules/p-limit
177 silly ADD node_modules/own-keys
178 silly ADD node_modules/optionator
179 silly ADD node_modules/once
180 silly ADD node_modules/object.values
181 silly ADD node_modules/object.groupby
182 silly ADD node_modules/object.fromentries
183 silly ADD node_modules/object.entries
184 silly ADD node_modules/object.assign
185 silly ADD node_modules/object-keys
186 silly ADD node_modules/object-inspect
187 silly ADD node_modules/object-hash
188 silly ADD node_modules/object-assign
189 silly ADD node_modules/normalize-range
190 silly ADD node_modules/normalize-path
191 silly ADD node_modules/node-releases
192 silly ADD node_modules/next-themes
193 silly ADD node_modules/next
194 silly ADD node_modules/next/node_modules/postcss
195 silly ADD node_modules/natural-compare
196 silly ADD node_modules/nanoid
197 silly ADD node_modules/mz
198 silly ADD node_modules/ms
199 silly ADD node_modules/minipass
200 silly ADD node_modules/minimist
201 silly ADD node_modules/minimatch
202 silly ADD node_modules/micromatch
203 silly ADD node_modules/merge2
204 silly ADD node_modules/math-intrinsics
205 silly ADD node_modules/lucide-react
206 silly ADD node_modules/lru-cache
207 silly ADD node_modules/loose-envify
208 silly ADD node_modules/lodash.merge
209 silly ADD node_modules/locate-path
210 silly ADD node_modules/lines-and-columns
211 silly ADD node_modules/lilconfig
212 silly ADD node_modules/levn
213 silly ADD node_modules/language-tags
214 silly ADD node_modules/language-subtag-registry
215 silly ADD node_modules/keyv
216 silly ADD node_modules/jsx-ast-utils
217 silly ADD node_modules/json5
218 silly ADD node_modules/json-stable-stringify-without-jsonify
219 silly ADD node_modules/json-schema-traverse
220 silly ADD node_modules/json-buffer
221 silly ADD node_modules/js-yaml
222 silly ADD node_modules/js-tokens
223 silly ADD node_modules/jiti
224 silly ADD node_modules/jackspeak
225 silly ADD node_modules/iterator.prototype
226 silly ADD node_modules/isexe
227 silly ADD node_modules/isarray
228 silly ADD node_modules/is-weakset
229 silly ADD node_modules/is-weakref
230 silly ADD node_modules/is-weakmap
231 silly ADD node_modules/is-typed-array
232 silly ADD node_modules/is-symbol
233 silly ADD node_modules/is-string
234 silly ADD node_modules/is-shared-array-buffer
235 silly ADD node_modules/is-set
236 silly ADD node_modules/is-regex
237 silly ADD node_modules/is-path-inside
238 silly ADD node_modules/is-number-object
239 silly ADD node_modules/is-number
240 silly ADD node_modules/is-map
241 silly ADD node_modules/is-glob
242 silly ADD node_modules/is-generator-function
243 silly ADD node_modules/is-fullwidth-code-point
244 silly ADD node_modules/is-finalizationregistry
245 silly ADD node_modules/is-extglob
246 silly ADD node_modules/is-date-object
247 silly ADD node_modules/is-data-view
248 silly ADD node_modules/is-core-module
249 silly ADD node_modules/is-callable
250 silly ADD node_modules/is-bun-module
251 silly ADD node_modules/is-boolean-object
252 silly ADD node_modules/is-binary-path
253 silly ADD node_modules/is-bigint
254 silly ADD node_modules/is-async-function
255 silly ADD node_modules/is-array-buffer
256 silly ADD node_modules/internal-slot
257 silly ADD node_modules/inherits
258 silly ADD node_modules/inflight
259 silly ADD node_modules/imurmurhash
260 silly ADD node_modules/import-fresh
261 silly ADD node_modules/ignore
262 silly ADD node_modules/hasown
263 silly ADD node_modules/has-tostringtag
264 silly ADD node_modules/has-symbols
265 silly ADD node_modules/has-proto
266 silly ADD node_modules/has-property-descriptors
267 silly ADD node_modules/has-flag
268 silly ADD node_modules/has-bigints
269 silly ADD node_modules/graphemer
270 silly ADD node_modules/graceful-fs
271 silly ADD node_modules/gopd
272 silly ADD node_modules/globby
273 silly ADD node_modules/globalthis
274 silly ADD node_modules/globals
275 silly ADD node_modules/glob-parent
276 silly ADD node_modules/glob
277 silly ADD node_modules/glob/node_modules/minimatch
278 silly ADD node_modules/glob/node_modules/brace-expansion
279 silly ADD node_modules/get-tsconfig
280 silly ADD node_modules/get-symbol-description
281 silly ADD node_modules/get-proto
282 silly ADD node_modules/get-nonce
283 silly ADD node_modules/get-intrinsic
284 silly ADD node_modules/functions-have-names
285 silly ADD node_modules/function.prototype.name
286 silly ADD node_modules/function-bind
287 silly ADD
288 silly ADD node_modules/fs.realpath
289 silly ADD node_modules/fraction.js
290 silly ADD node_modules/foreground-child
291 silly ADD node_modules/for-each
292 silly ADD node_modules/flatted
293 silly ADD node_modules/flat-cache
294 silly ADD node_modules/find-up
295 silly ADD node_modules/fill-range
296 silly ADD node_modules/file-entry-cache
297 silly ADD node_modules/fdir
298 silly ADD node_modules/fastq
299 silly ADD node_modules/fast-levenshtein
300 silly ADD node_modules/fast-json-stable-stringify
301 silly ADD node_modules/fast-glob
302 silly ADD node_modules/fast-glob/node_modules/glob-parent
303 silly ADD node_modules/fast-deep-equal
304 silly ADD node_modules/esutils
305 silly ADD node_modules/estraverse
306 silly ADD node_modules/esrecurse
307 silly ADD node_modules/esquery
308 silly ADD node_modules/espree
309 silly ADD node_modules/eslint-visitor-keys
310 silly ADD node_modules/eslint-scope
311 silly ADD node_modules/eslint-plugin-react-hooks
312 silly ADD node_modules/eslint-plugin-react
313 silly ADD node_modules/eslint-plugin-react/node_modules/semver
314 silly ADD node_modules/eslint-plugin-react/node_modules/resolve
315 silly ADD node_modules/eslint-plugin-react/node_modules/doctrine
316 silly ADD node_modules/eslint-plugin-jsx-a11y
317 silly ADD node_modules/eslint-plugin-import
318 silly ADD node_modules/eslint-plugin-import/node_modules/semver
319 silly ADD node_modules/eslint-plugin-import/node_modules/doctrine
320 silly ADD node_modules/eslint-plugin-import/node_modules/debug
321 silly ADD node_modules/eslint-module-utils
322 silly ADD node_modules/eslint-module-utils/node_modules/debug
323 silly ADD node_modules/eslint-import-resolver-typescript
324 silly ADD node_modules/eslint-import-resolver-node
325 silly ADD node_modules/eslint-import-resolver-node/node_modules/debug
326 silly ADD node_modules/eslint-config-next
327 silly ADD node_modules/eslint
328 silly ADD node_modules/escape-string-regexp
329 silly ADD node_modules/escalade
330 silly ADD node_modules/es-to-primitive
331 silly ADD node_modules/es-shim-unscopables
332 silly ADD node_modules/es-set-tostringtag
333 silly ADD node_modules/es-object-atoms
334 silly ADD node_modules/es-iterator-helpers
335 silly ADD node_modules/es-errors
336 silly ADD node_modules/es-define-property
337 silly ADD node_modules/es-abstract
338 silly ADD node_modules/enhanced-resolve
339 silly ADD node_modules/emoji-regex
340 silly ADD node_modules/electron-to-chromium
341 silly ADD node_modules/eastasianwidth
342 silly ADD node_modules/dunder-proto
343 silly ADD node_modules/doctrine
344 silly ADD node_modules/dlv
345 silly ADD node_modules/dir-glob
346 silly ADD node_modules/didyoumean
347 silly ADD node_modules/detect-node-es
348 silly ADD node_modules/define-properties
349 silly ADD node_modules/define-data-property
350 silly ADD node_modules/deep-is
351 silly ADD node_modules/debug
352 silly ADD node_modules/data-view-byte-offset
353 silly ADD node_modules/data-view-byte-length
354 silly ADD node_modules/data-view-buffer
355 silly ADD node_modules/damerau-levenshtein
356 silly ADD node_modules/csstype
357 silly ADD node_modules/cssesc
358 silly ADD node_modules/cross-spawn
359 silly ADD node_modules/concat-map
360 silly ADD node_modules/commander
361 silly ADD node_modules/color-name
362 silly ADD node_modules/color-convert
363 silly ADD node_modules/clsx
364 silly ADD node_modules/client-only
365 silly ADD node_modules/class-variance-authority
366 silly ADD node_modules/chokidar
367 silly ADD node_modules/chokidar/node_modules/glob-parent
368 silly ADD node_modules/chalk
369 silly ADD node_modules/caniuse-lite
370 silly ADD node_modules/camelcase-css
371 silly ADD node_modules/callsites
372 silly ADD node_modules/call-bound
373 silly ADD node_modules/call-bind-apply-helpers
374 silly ADD node_modules/call-bind
375 silly ADD node_modules/busboy
376 silly ADD node_modules/browserslist
377 silly ADD node_modules/braces
378 silly ADD node_modules/brace-expansion
379 silly ADD node_modules/binary-extensions
380 silly ADD node_modules/balanced-match
381 silly ADD node_modules/axobject-query
382 silly ADD node_modules/axe-core
383 silly ADD node_modules/available-typed-arrays
384 silly ADD node_modules/autoprefixer
385 silly ADD node_modules/async-function
386 silly ADD node_modules/ast-types-flow
387 silly ADD node_modules/arraybuffer.prototype.slice
388 silly ADD node_modules/array.prototype.tosorted
389 silly ADD node_modules/array.prototype.flatmap
390 silly ADD node_modules/array.prototype.flat
391 silly ADD node_modules/array.prototype.findlastindex
392 silly ADD node_modules/array.prototype.findlast
393 silly ADD node_modules/array-union
394 silly ADD node_modules/array-includes
395 silly ADD node_modules/array-buffer-byte-length
396 silly ADD node_modules/aria-query
397 silly ADD node_modules/aria-hidden
398 silly ADD node_modules/argparse
399 silly ADD node_modules/arg
400 silly ADD node_modules/anymatch
401 silly ADD node_modules/any-promise
402 silly ADD node_modules/ansi-styles
403 silly ADD node_modules/ansi-regex
404 silly ADD node_modules/ajv
405 silly ADD node_modules/acorn-jsx
406 silly ADD node_modules/acorn
407 silly ADD node_modules/@ungap/structured-clone
408 silly ADD node_modules/@typescript-eslint/visitor-keys
409 silly ADD node_modules/@typescript-eslint/typescript-estree
410 silly ADD node_modules/@typescript-eslint/typescript-estree/node_modules/minimatch
411 silly ADD node_modules/@typescript-eslint/typescript-estree/node_modules/brace-expansion
412 silly ADD node_modules/@typescript-eslint/types
413 silly ADD node_modules/@typescript-eslint/scope-manager
414 silly ADD node_modules/@typescript-eslint/parser
415 silly ADD node_modules/@types/scheduler
416 silly ADD node_modules/@types/react-dom
417 silly ADD node_modules/@types/react
418 silly ADD node_modules/@types/prop-types
419 silly ADD node_modules/@types/node
420 silly ADD node_modules/@types/json5
421 silly ADD node_modules/@swc/helpers
422 silly ADD node_modules/@rushstack/eslint-patch
423 silly ADD node_modules/@rtsao/scc
424 silly ADD node_modules/@radix-ui/rect
425 silly ADD node_modules/@radix-ui/react-use-size
426 silly ADD node_modules/@radix-ui/react-use-rect
427 silly ADD node_modules/@radix-ui/react-use-layout-effect
428 silly ADD node_modules/@radix-ui/react-use-escape-keydown
429 silly ADD node_modules/@radix-ui/react-use-controllable-state
430 silly ADD node_modules/@radix-ui/react-use-callback-ref
431 silly ADD node_modules/@radix-ui/react-slot
432 silly ADD node_modules/@radix-ui/react-roving-focus
433 silly ADD node_modules/@radix-ui/react-primitive
434 silly ADD node_modules/@radix-ui/react-presence
435 silly ADD node_modules/@radix-ui/react-portal
436 silly ADD node_modules/@radix-ui/react-popper
437 silly ADD node_modules/@radix-ui/react-menu
438 silly ADD node_modules/@radix-ui/react-id
439 silly ADD node_modules/@radix-ui/react-focus-scope
440 silly ADD node_modules/@radix-ui/react-focus-guards
441 silly ADD node_modules/@radix-ui/react-dropdown-menu
442 silly ADD node_modules/@radix-ui/react-dismissable-layer
443 silly ADD node_modules/@radix-ui/react-direction
444 silly ADD node_modules/@radix-ui/react-context
445 silly ADD node_modules/@radix-ui/react-compose-refs
446 silly ADD node_modules/@radix-ui/react-collection
447 silly ADD node_modules/@radix-ui/react-arrow
448 silly ADD node_modules/@radix-ui/primitive
449 silly ADD node_modules/@prisma/get-platform
450 silly ADD node_modules/@prisma/fetch-engine
451 silly ADD node_modules/@prisma/engines-version
452 silly ADD node_modules/@prisma/engines
453 silly ADD node_modules/@prisma/debug
454 silly ADD node_modules/@prisma/client
455 silly ADD node_modules/@pkgjs/parseargs
456 silly ADD node_modules/@nolyfill/is-core-module
457 silly ADD node_modules/@nodelib/fs.walk
458 silly ADD node_modules/@nodelib/fs.stat
459 silly ADD node_modules/@nodelib/fs.scandir
460 silly ADD node_modules/@next/swc-win32-x64-msvc
461 silly ADD
462 silly ADD
463 silly ADD
464 silly ADD
465 silly ADD
466 silly ADD
467 silly ADD
468 silly ADD
469 silly ADD node_modules/@next/eslint-plugin-next
470 silly ADD node_modules/@next/env
471 silly ADD node_modules/@jridgewell/trace-mapping
472 silly ADD node_modules/@jridgewell/sourcemap-codec
473 silly ADD node_modules/@jridgewell/set-array
474 silly ADD node_modules/@jridgewell/resolve-uri
475 silly ADD node_modules/@jridgewell/gen-mapping
476 silly ADD node_modules/@isaacs/cliui
477 silly ADD node_modules/@isaacs/cliui/node_modules/strip-ansi
478 silly ADD node_modules/@isaacs/cliui/node_modules/ansi-regex
479 silly ADD node_modules/@humanwhocodes/object-schema
480 silly ADD node_modules/@humanwhocodes/module-importer
481 silly ADD node_modules/@humanwhocodes/config-array
482 silly ADD node_modules/@floating-ui/utils
483 silly ADD node_modules/@floating-ui/react-dom
484 silly ADD node_modules/@floating-ui/dom
485 silly ADD node_modules/@floating-ui/core
486 silly ADD node_modules/@eslint/js
487 silly ADD node_modules/@eslint/eslintrc
488 silly ADD node_modules/@eslint-community/regexpp
489 silly ADD node_modules/@eslint-community/eslint-utils
490 silly ADD node_modules/@alloc/quick-lru
491 verbose cwd C:\Users\saadr\Desktop\Moiz\chat-room-ui
492 verbose os Windows_NT 10.0.22631
493 verbose node v18.20.5
494 verbose npm  v10.8.2
495 verbose exit 0
496 info ok
